#
# A fatal error has been detected by the Java Runtime Environment:
#
#  EXCEPTION_ACCESS_VIOLATION (0xc0000005) at pc=0x00007ff9e4646af6, pid=4776, tid=22936
#
# JRE version: Java(TM) SE Runtime Environment (21.0.1+12) (build 21.0.1+12-LTS-29)
# Java VM: Java HotSpot(TM) 64-Bit Server VM (21.0.1+12-LTS-29, mixed mode, sharing, tiered, compressed oops, compressed class ptrs, g1 gc, windows-amd64)
# Problematic frame:
# V  [jvm.dll+0x2f6af6]
#
# No core dump will be written. Minidumps are not enabled by default on client versions of Windows
#
# If you would like to submit a bug report, please visit:
#   https://bugreport.java.com/bugreport/crash.jsp
#

---------------  S U M M A R Y ------------

Command Line: -Xmx64m -Xms64m -Dorg.gradle.appname=gradlew org.gradle.wrapper.GradleWrapperMain clean build --debug

Host: Intel(R) Core(TM) i7-1065G7 CPU @ 1.30GHz, 8 cores, 19G,  Windows 11 , 64 bit Build 22621 (10.0.22621.3958)
Time: Mon Oct 14 21:02:21 2024 Azerbaijan Standard Time elapsed time: 0.213787 seconds (0d 0h 0m 0s)

---------------  T H R E A D  ---------------

Current thread (0x0000022c8df30a90):  JavaThread "main"             [_thread_in_vm, id=22936, stack(0x0000007a62400000,0x0000007a62500000) (1024K)]

Stack: [0x0000007a62400000,0x0000007a62500000],  sp=0x0000007a624f9c38,  free space=999k
Native frames: (J=compiled Java code, j=interpreted, Vv=VM code, C=native code)
V  [jvm.dll+0x2f6af6]

Java frames: (J=compiled Java code, j=interpreted, Vv=VM code)
v  ~RuntimeStub::fast_new_instance Runtime1 stub 0x0000022c9fb95fee
J 260 c1 java.lang.StringLatin1.replace([BCC)Ljava/lang/String; java.base@21.0.1 (198 bytes) @ 0x0000022c985a3161 [0x0000022c985a2440+0x0000000000000d21]
j  java.lang.String.replace(CC)Ljava/lang/String;+18 java.base@21.0.1
j  java.net.URLClassLoader.isSealed(Ljava/lang/String;Ljava/util/jar/Manifest;)Z+9 java.base@21.0.1
j  java.net.URLClassLoader.getAndVerifyPackage(Ljava/lang/String;Ljava/util/jar/Manifest;Ljava/net/URL;)Ljava/lang/Package;+68 java.base@21.0.1
j  java.net.URLClassLoader.defineClass(Ljava/lang/String;Ljdk/internal/loader/Resource;)Ljava/lang/Class;+46 java.base@21.0.1
j  java.net.URLClassLoader$1.run()Ljava/lang/Class;+43 java.base@21.0.1
j  java.net.URLClassLoader$1.run()Ljava/lang/Object;+1 java.base@21.0.1
j  java.security.AccessController.executePrivileged(Ljava/security/PrivilegedExceptionAction;Ljava/security/AccessControlContext;Ljava/lang/Class;)Ljava/lang/Object;+29 java.base@21.0.1
j  java.security.AccessController.doPrivileged(Ljava/security/PrivilegedExceptionAction;Ljava/security/AccessControlContext;)Ljava/lang/Object;+13 java.base@21.0.1
j  java.net.URLClassLoader.findClass(Ljava/lang/String;)Ljava/lang/Class;+13 java.base@21.0.1
j  java.lang.ClassLoader.loadClass(Ljava/lang/String;Z)Ljava/lang/Class;+69 java.base@21.0.1
j  java.lang.ClassLoader.loadClass(Ljava/lang/String;)Ljava/lang/Class;+3 java.base@21.0.1
v  ~StubRoutines::call_stub 0x0000022c9fa710e7
j  org.gradle.internal.installation.CurrentGradleInstallationLocator.findDistDir(Ljava/lang/Class;)Ljava/io/File;+1
j  org.gradle.internal.installation.CurrentGradleInstallationLocator.locateViaClass(Ljava/lang/Class;)Lorg/gradle/internal/installation/CurrentGradleInstallation;+1
j  org.gradle.internal.installation.CurrentGradleInstallationLocator.locateViaClassLoader(Ljava/lang/ClassLoader;)Lorg/gradle/internal/installation/CurrentGradleInstallation;+15
j  org.gradle.internal.installation.CurrentGradleInstallationLocator.locate()Lorg/gradle/internal/installation/CurrentGradleInstallation;+5
j  org.gradle.internal.installation.CurrentGradleInstallation.locate()Lorg/gradle/internal/installation/CurrentGradleInstallation;+6
j  org.gradle.internal.installation.CurrentGradleInstallation.get()Lorg/gradle/internal/installation/GradleInstallation;+0
j  org.gradle.launcher.bootstrap.ProcessBootstrap.runNoExit(Ljava/lang/String;Ljava/lang/String;Ljava/lang/String;[Ljava/lang/String;)V+4
j  org.gradle.launcher.bootstrap.ProcessBootstrap.run(Ljava/lang/String;Ljava/lang/String;Ljava/lang/String;[Ljava/lang/String;)V+4
j  org.gradle.launcher.GradleMain.main([Ljava/lang/String;)V+68
j  java.lang.invoke.LambdaForm$DMH+0x0000022cac004400.invokeStatic(Ljava/lang/Object;Ljava/lang/Object;)V+10 java.base@21.0.1
j  java.lang.invoke.LambdaForm$MH+0x0000022cac008000.invoke(Ljava/lang/Object;Ljava/lang/Object;Ljava/lang/Object;)Ljava/lang/Object;+33 java.base@21.0.1
j  java.lang.invoke.Invokers$Holder.invokeExact_MT(Ljava/lang/Object;Ljava/lang/Object;Ljava/lang/Object;Ljava/lang/Object;)Ljava/lang/Object;+20 java.base@21.0.1
j  jdk.internal.reflect.DirectMethodHandleAccessor.invokeImpl(Ljava/lang/Object;[Ljava/lang/Object;)Ljava/lang/Object;+55 java.base@21.0.1
j  jdk.internal.reflect.DirectMethodHandleAccessor.invoke(Ljava/lang/Object;[Ljava/lang/Object;)Ljava/lang/Object;+23 java.base@21.0.1
j  java.lang.reflect.Method.invoke(Ljava/lang/Object;[Ljava/lang/Object;)Ljava/lang/Object;+102 java.base@21.0.1
j  org.gradle.wrapper.GradleWrapperMain.main([Ljava/lang/String;)V+1826
v  ~StubRoutines::call_stub 0x0000022c9fa710e7

siginfo: EXCEPTION_ACCESS_VIOLATION (0xc0000005), reading address 0x00000000000055b0


Registers:
RAX=0x00000000be60eb0d, RBX=0x0000022cab00e8d8, RCX=0x0000000000000ab6, RDX=0x0000000005ee5548
RSP=0x0000007a624f9c38, RBP=0x0000007a624fa160, RSI=0x0000000000000000, RDI=0x0000022cab00e8d8
R8 =0x0000022c8df30a90, R9 =0x00000000be60f5c3, R10=0x0000007a624f9c70, R11=0x0000000000000000
R12=0x0000000000000000, R13=0x00000000000007ab, R14=0x0000007a624fa160, R15=0x0000022c8df30a90
RIP=0x00007ff9e4646af6, EFLAGS=0x0000000000010212


Register to memory mapping:

RAX=0x00000000be60eb0d is an unknown value
RBX=0x0000022cab00e8d8 is pointing into metadata
RCX=0x0000000000000ab6 is an unknown value
RDX=0x0000000005ee5548 is an unknown value
RSP=0x0000007a624f9c38 is pointing into the stack for thread: 0x0000022c8df30a90
RBP=0x0000007a624fa160 is pointing into the stack for thread: 0x0000022c8df30a90
RSI=0x0 is null
RDI=0x0000022cab00e8d8 is pointing into metadata
R8 =0x0000022c8df30a90 is a thread
R9 =0x00000000be60f5c3 is an unknown value
R10=0x0000007a624f9c70 is pointing into the stack for thread: 0x0000022c8df30a90
R11=0x0 is null
R12=0x0 is null
R13=0x00000000000007ab is an unknown value
R14=0x0000007a624fa160 is pointing into the stack for thread: 0x0000022c8df30a90
R15=0x0000022c8df30a90 is a thread

Top of Stack: (sp=0x0000007a624f9c38)
0x0000007a624f9c38:   00007ff9e4b2216a 0000007a624f9d30
0x0000007a624f9c48:   0000022c9fa7896e 0000000000000000
0x0000007a624f9c58:   0000000000000000 0000022cab00e8d8
0x0000007a624f9c68:   00007ff9e4716df9 0000022cab00e8d8
0x0000007a624f9c78:   0000000000000010 0000022c8df30a90
0x0000007a624f9c88:   0000007a624fa160 0000022c8df30a90
0x0000007a624f9c98:   00007ff9e44f85e1 0000022c8df30a90
0x0000007a624f9ca8:   0000007a624fa160 0000000000000000
0x0000007a624f9cb8:   0000022cab00e8d8 00000000ffc78208
0x0000007a624f9cc8:   0000022c9fb95fee 00000000ffc781d0
0x0000007a624f9cd8:   00000000ffc781b0 0000000000000014
0x0000007a624f9ce8:   0000007a624f9ce8 0000022cabbb4218
0x0000007a624f9cf8:   0000000000000000 646172672e67726f
0x0000007a624f9d08:   4000000000000000 59db6a41e191dddf
0x0000007a624f9d18:   34e63b4167e12cdf 4fa92cf20cebb1b1
0x0000007a624f9d28:   459176a550a84614 0c2342a172f4cd4e
0x0000007a624f9d38:   24b9ec70fbd6b3fb 5c9ff0e28b13cdf7
0x0000007a624f9d48:   000000002e73dd15 ec7e84747792526b
0x0000007a624f9d58:   000000008b13cdf7 0000000000000000
0x0000007a624f9d68:   0000000000000000 0000000000000000
0x0000007a624f9d78:   00000001d7cfc6ac 0000000000000000
0x0000007a624f9d88:   0000000000000000 0000000000000000
0x0000007a624f9d98:   0000000000000000 0000000000000000
0x0000007a624f9da8:   0000000000000000 0000000000000000
0x0000007a624f9db8:   0000000000000000 0000000000000000
0x0000007a624f9dc8:   0000000000000000 0000000000000000
0x0000007a624f9dd8:   0000000000000000 0000000000000000
0x0000007a624f9de8:   0000000000000000 0000000000000000
0x0000007a624f9df8:   0000000000000000 00000000fff5f440
0x0000007a624f9e08:   0000022cab169420 0000000000000000
0x0000007a624f9e18:   0000007a624f9e58 0000007a624f9ed0
0x0000007a624f9e28:   0000022c9fa7896e 0000000000000000 

Instructions: (pc=0x00007ff9e4646af6)
0x00007ff9e46469f6:   c9 74 05 e8 e2 82 4c 00 ff c3 49 83 c6 10 3b 1f
0x00007ff9e4646a06:   7c c8 4c 8b 74 24 20 3b 5f 04 7d 20 48 63 c3 48
0x00007ff9e4646a16:   c1 e0 04 49 03 c7 0f 1f 40 00 48 89 30 ff c3 48
0x00007ff9e4646a26:   89 70 08 48 8d 40 10 3b 5f 04 7c ee 49 8b ec 4c
0x00007ff9e4646a36:   8b 64 24 58 48 85 ed 7e 2c 90 48 8b 5f 08 48 8b
0x00007ff9e4646a46:   0c 33 48 85 c9 74 05 e8 2e 82 4c 00 48 8b 4c 33
0x00007ff9e4646a56:   08 48 85 c9 74 05 e8 1f 82 4c 00 48 83 c6 10 48
0x00007ff9e4646a66:   83 ed 01 75 d5 48 8b 4f 08 48 8b 74 24 50 48 8b
0x00007ff9e4646a76:   6c 24 48 48 8b 5c 24 40 48 85 c9 74 0b f6 47 10
0x00007ff9e4646a86:   01 74 05 e8 82 78 0a 00 4c 89 7f 08 48 83 c4 28
0x00007ff9e4646a96:   41 5f 5f c3 cc cc cc cc cc cc 80 3d ad b8 92 00
0x00007ff9e4646aa6:   00 4c 8b d2 4c 8b d9 74 1e 48 8b 02 4c 8b 40 18
0x00007ff9e4646ab6:   4c 2b 05 33 09 94 00 49 c1 f8 03 45 8b c8 41 c1
0x00007ff9e4646ac6:   e9 03 45 33 c8 eb 0a 44 8b 0a 41 c1 e9 03 44 33
0x00007ff9e4646ad6:   0a b8 27 af f9 07 41 8b c9 41 f7 e1 41 8b c1 2b
0x00007ff9e4646ae6:   c2 d1 e8 03 c2 c1 e8 0d 69 c0 11 3e 00 00 2b c8
0x00007ff9e4646af6:   49 8b 04 cb 49 8d 14 cb 48 85 c0 74 1b 44 39 08
0x00007ff9e4646b06:   75 09 48 8b 48 08 49 39 0a 74 0d 48 8d 50 58 48
0x00007ff9e4646b16:   8b 40 58 48 85 c0 75 e5 48 8b 02 48 85 c0 74 05
0x00007ff9e4646b26:   48 83 c0 10 c3 c3 cc cc cc cc 80 3d 1d b8 92 00
0x00007ff9e4646b36:   00 4c 8b ca 4c 8b d1 74 1b 48 8b 42 18 48 2b 05
0x00007ff9e4646b46:   a6 08 94 00 48 c1 f8 03 44 8b c0 41 c1 e8 03 44
0x00007ff9e4646b56:   33 c0 eb 0a 45 8b c1 41 c1 e8 03 45 33 c1 b8 27
0x00007ff9e4646b66:   af f9 07 41 8b c8 41 f7 e0 41 8b c0 2b c2 d1 e8
0x00007ff9e4646b76:   03 c2 c1 e8 0d 69 c0 11 3e 00 00 2b c8 49 8b 04
0x00007ff9e4646b86:   ca 49 8d 0c ca 48 85 c0 74 18 44 39 00 75 06 4c
0x00007ff9e4646b96:   3b 48 08 74 0d 48 8d 48 58 48 8b 40 58 48 85 c0
0x00007ff9e4646ba6:   75 e8 48 8b 09 33 d2 48 85 c9 48 8d 41 10 48 0f
0x00007ff9e4646bb6:   44 c2 c3 cc cc cc cc cc cc cc 48 8b 41 08 b9 f1
0x00007ff9e4646bc6:   d8 ff ff 66 39 88 b0 00 00 00 0f 95 c0 c3 cc cc
0x00007ff9e4646bd6:   cc cc cc cc cc cc cc cc cc cc 80 39 00 75 09 80
0x00007ff9e4646be6:   79 18 00 75 03 32 c0 c3 b0 01 c3 cc cc cc cc cc 


Stack slot to memory mapping:

stack at sp + 0 slots: 0x00007ff9e4b2216a jvm.dll
stack at sp + 1 slots: 0x0000007a624f9d30 is pointing into the stack for thread: 0x0000022c8df30a90
stack at sp + 2 slots: 0x0000022c9fa7896e is at code_begin+1454 in an Interpreter codelet
return entry points  [0x0000022c9fa783c0, 0x0000022c9fa78f18]  2904 bytes
stack at sp + 3 slots: 0x0 is null
stack at sp + 4 slots: 0x0 is null
stack at sp + 5 slots: 0x0000022cab00e8d8 is pointing into metadata
stack at sp + 6 slots: 0x00007ff9e4716df9 jvm.dll
stack at sp + 7 slots: 0x0000022cab00e8d8 is pointing into metadata

--------------------------------------------------------------------------------
Decoding CodeBlob, name: fast_new_instance Runtime1 stub, at  [0x0000022c9fb95e80, 0x0000022c9fb96188]  776 bytes
[MachCode]
  0x0000022c9fb95e80: 5548 8bec | 4881 ec80 | 0000 0048 | 8944 2478 | 4889 4c24 | 7048 8954 | 2468 4889 | 5c24 6048 
  0x0000022c9fb95ea0: 896c 2450 | 4889 7424 | 4848 897c | 2440 4c89 | 4424 384c | 894c 2430 | 4c89 5424 | 284c 895c 
  0x0000022c9fb95ec0: 2420 4c89 | 6424 184c | 896c 2410 | 4c89 7424 | 084c 893c | 2448 81ec | 1004 0000 | c5fb 1144 
  0x0000022c9fb95ee0: 2428 c5fb | 114c 2430 | c5fb 1154 | 2438 c5fb | 115c 2440 | c5fb 1164 | 2448 c5fb | 116c 2450 
  0x0000022c9fb95f00: c5fb 1174 | 2458 c5fb | 117c 2460 | c57b 1144 | 2468 c57b | 114c 2470 | c57b 1154 | 2478 c57b 
  0x0000022c9fb95f20: 119c 2480 | 0000 00c5 | 7b11 a424 | 8800 0000 | c57b 11ac | 2490 0000 | 00c5 7b11 | b424 9800 
  0x0000022c9fb95f40: 0000 c57b | 11bc 24a0 | 0000 0062 | e1ff 0811 | 4424 1562 | e1ff 0811 | 4c24 1662 | e1ff 0811 
  0x0000022c9fb95f60: 5424 1762 | e1ff 0811 | 5c24 1862 | e1ff 0811 | 6424 1962 | e1ff 0811 | 6c24 1a62 | e1ff 0811 
  0x0000022c9fb95f80: 7424 1b62 | e1ff 0811 | 7c24 1c62 | 61ff 0811 | 4424 1d62 | 61ff 0811 | 4c24 1e62 | 61ff 0811 
  0x0000022c9fb95fa0: 5424 1f62 | 61ff 0811 | 5c24 2062 | 61ff 0811 | 6424 2162 | 61ff 0811 | 6c24 2262 | 61ff 0811 
  0x0000022c9fb95fc0: 7424 2362 | 61ff 0811 | 7c24 2448 | 8bd2 498b | cfc5 f877 | 4989 afa8 | 0300 0049 | 89a7 9803 
  0x0000022c9fb95fe0: 0000 48b8 | 5085 4fe4 | f97f 0000 | ffd0 49c7 | 8798 0300 | 0000 0000 | 0049 c787 | a803 0000 
  0x0000022c9fb96000: 0000 0000 | 49c7 87a0 | 0300 0000 | 0000 00c5 | f877 4983 | 7f08 000f | 8414 0000 | 0049 8b47 
  0x0000022c9fb96020: 0849 c787 | f003 0000 | 0000 0000 | e94f dbff | ff49 8b87 | f003 0000 | 49c7 87f0 | 0300 0000 
  0x0000022c9fb96040: 0000 00c5 | fb10 4424 | 28c5 fb10 | 4c24 30c5 | fb10 5424 | 38c5 fb10 | 5c24 40c5 | fb10 6424 
  0x0000022c9fb96060: 48c5 fb10 | 6c24 50c5 | fb10 7424 | 58c5 fb10 | 7c24 60c5 | 7b10 4424 | 68c5 7b10 | 4c24 70c5 
  0x0000022c9fb96080: 7b10 5424 | 78c5 7b10 | 9c24 8000 | 0000 c57b | 10a4 2488 | 0000 00c5 | 7b10 ac24 | 9000 0000 
  0x0000022c9fb960a0: c57b 10b4 | 2498 0000 | 00c5 7b10 | bc24 a000 | 0000 62e1 | ff08 1044 | 2415 62e1 | ff08 104c 
  0x0000022c9fb960c0: 2416 62e1 | ff08 1054 | 2417 62e1 | ff08 105c | 2418 62e1 | ff08 1064 | 2419 62e1 | ff08 106c 
  0x0000022c9fb960e0: 241a 62e1 | ff08 1074 | 241b 62e1 | ff08 107c | 241c 6261 | ff08 1044 | 241d 6261 | ff08 104c 
  0x0000022c9fb96100: 241e 6261 | ff08 1054 | 241f 6261 | ff08 105c | 2420 6261 | ff08 1064 | 2421 6261 | ff08 106c 
  0x0000022c9fb96120: 2422 6261 | ff08 1074 | 2423 6261 | ff08 107c | 2424 4881 | c410 0400 | 004c 8b3c | 244c 8b74 
  0x0000022c9fb96140: 2408 4c8b | 6c24 104c | 8b64 2418 | 4c8b 5c24 | 204c 8b54 | 2428 4c8b | 4c24 304c | 8b44 2438 
  0x0000022c9fb96160: 488b 7c24 | 4048 8b74 | 2448 488b | 6c24 5048 | 8b5c 2460 | 488b 5424 | 6848 8b4c | 2470 4881 
  0x0000022c9fb96180: c480 0000 | 00c9 c390 
[/MachCode]
--------------------------------------------------------------------------------


Compiled method (c1)     232  260       3       java.lang.StringLatin1::replace (198 bytes)
 total in heap  [0x0000022c985a2190,0x0000022c985a3768] = 5592
 relocation     [0x0000022c985a22f0,0x0000022c985a2430] = 320
 main code      [0x0000022c985a2440,0x0000022c985a3240] = 3584
 stub code      [0x0000022c985a3240,0x0000022c985a32b0] = 112
 metadata       [0x0000022c985a32b0,0x0000022c985a32d8] = 40
 scopes data    [0x0000022c985a32d8,0x0000022c985a34c8] = 496
 scopes pcs     [0x0000022c985a34c8,0x0000022c985a3728] = 608
 dependencies   [0x0000022c985a3728,0x0000022c985a3730] = 8
 nul chk table  [0x0000022c985a3730,0x0000022c985a3768] = 56

[Constant Pool (empty)]

[MachCode]
[Verified Entry Point]
  # {method} {0x0000022cab0243f8} 'replace' '([BCC)Ljava/lang/String;' in 'java/lang/StringLatin1'
  # parm0:    rdx:rdx   = '[B'
  # parm1:    r8        = char
  # parm2:    r9        = char
  #           [sp+0x90]  (sp of caller)
  0x0000022c985a2440: 8984 2400 | 80ff ff55 | 4881 ec80 | 0000 0090 | 4181 7f20 | 0100 0000 

  0x0000022c985a2458: ;   {runtime_call StubRoutines (final stubs)}
  0x0000022c985a2458: 7405 e8a1 | 3d50 0748 | 8954 2458 | 4489 4424 | 6044 894c 

  0x0000022c985a246c: ;   {metadata(method data for {method} {0x0000022cab0243f8} 'replace' '([BCC)Ljava/lang/String;' in 'java/lang/StringLatin1')}
  0x0000022c985a246c: 2464 48b9 | 201a 0fec | 2c02 0000 | 8bb1 cc00 | 0000 83c6 | 0289 b1cc | 0000 0081 | e6fe 0700 
  0x0000022c985a248c: 0083 fe00 | 0f84 a80a 

  0x0000022c985a2494: ;   {metadata(method data for {method} {0x0000022cab0243f8} 'replace' '([BCC)Ljava/lang/String;' in 'java/lang/StringLatin1')}
  0x0000022c985a2494: 0000 48b9 | 201a 0fec | 2c02 0000 | 4883 8110 | 0100 0001 

  0x0000022c985a24a8: ;   {metadata(method data for {method} {0x0000022cab024768} 'canEncode' '(I)Z' in 'java/lang/StringLatin1')}
  0x0000022c985a24a8: 48b9 e0ce | 01ec 2c02 | 0000 8bb1 | cc00 0000 | 83c6 0289 | b1cc 0000 | 0081 e6fe | ff1f 0083 
  0x0000022c985a24c8: fe00 0f84 | 8f0a 0000 | 498b c8c1 | e908 83f9 

  0x0000022c985a24d8: ;   {metadata(method data for {method} {0x0000022cab024768} 'canEncode' '(I)Z' in 'java/lang/StringLatin1')}
  0x0000022c985a24d8: 0048 b9e0 | ce01 ec2c | 0200 0048 | be10 0100 | 0000 0000 | 000f 850a | 0000 0048 | be20 0100 
  0x0000022c985a24f8: 0000 0000 | 0048 8b3c | 3148 8d7f | 0148 893c | 310f 851a 

  0x0000022c985a250c: ;   {metadata(method data for {method} {0x0000022cab024768} 'canEncode' '(I)Z' in 'java/lang/StringLatin1')}
  0x0000022c985a250c: 0000 0048 | b9e0 ce01 | ec2c 0200 | 00ff 8130 | 0100 00b9 | 0100 0000 | e905 0000 | 00b9 0000 
  0x0000022c985a252c: 0000 83e1 | 0183 f900 

  0x0000022c985a2534: ;   {metadata(method data for {method} {0x0000022cab0243f8} 'replace' '([BCC)Ljava/lang/String;' in 'java/lang/StringLatin1')}
  0x0000022c985a2534: 48b9 201a | 0fec 2c02 | 0000 48be | 2001 0000 | 0000 0000 | 0f84 0a00 | 0000 48be | 3001 0000 
  0x0000022c985a2554: 0000 0000 | 488b 3c31 | 488d 7f01 | 4889 3c31 | 0f84 1a09 | 0000 8b72 | 0c89 7424 | 54b9 ffff 
  0x0000022c985a2574: ffff e9ab | 0000 000f | 1f44 0000 | 3b4a 0c0f | 83fc 0900 | 0048 63f9 | 0fbe 7c3a | 1049 8bd8 
  0x0000022c985a2594: 0fbe db3b | fbb8 0200 | 0000 0f85 | 0500 0000 | b800 0000 

  0x0000022c985a25a8: ;   {metadata(method data for {method} {0x0000022cab0243f8} 'replace' '([BCC)Ljava/lang/String;' in 'java/lang/StringLatin1')}
  0x0000022c985a25a8: 0049 bb20 | 1a0f ec2c | 0200 0045 | 8bab d000 | 0000 4403 | e845 89ab | d000 0000 | 83f8 000f 
  0x0000022c985a25c8: 8506 0000 | 0041 bd02 | 0000 0041 | 81e5 fe3f | 0000 4183 | fd00 0f84 | af09 0000 | 4d8b 9758 
  0x0000022c985a25e8: ; ImmutableOopMap {rdx=Oop [88]=Oop }
                      ;*if_icmpne {reexecute=1 rethrow=0 return_oop=0}
                      ; - (reexecute) java.lang.StringLatin1::replace@28 (line 298)
                      ;   {poll}
  0x0000022c985a25e8: 0400 0041 | 8502 3bfb 

  0x0000022c985a25f0: ;   {metadata(method data for {method} {0x0000022cab0243f8} 'replace' '([BCC)Ljava/lang/String;' in 'java/lang/StringLatin1')}
  0x0000022c985a25f0: 48bf 201a | 0fec 2c02 | 0000 48bb | 7001 0000 | 0000 0000 | 0f84 0a00 | 0000 48bb | 6001 0000 
  0x0000022c985a2610: 0000 0000 | 488b 041f | 488d 4001 | 4889 041f | 0f84 4300 | 0000 ffc1 | 894c 2450 

  0x0000022c985a262c: ;   {metadata(method data for {method} {0x0000022cab0243f8} 'replace' '([BCC)Ljava/lang/String;' in 'java/lang/StringLatin1')}
  0x0000022c985a262c: 3bce 48bf | 201a 0fec | 2c02 0000 | 48bb 4001 | 0000 0000 | 0000 0f8d | 0a00 0000 | 48bb 5001 
  0x0000022c985a264c: 0000 0000 | 0000 488b | 041f 488d | 4001 4889 | 041f 0f8d | 1500 0000 | e917 ffff 

  0x0000022c985a2668: ;   {metadata(method data for {method} {0x0000022cab0243f8} 'replace' '([BCC)Ljava/lang/String;' in 'java/lang/StringLatin1')}
  0x0000022c985a2668: ff48 bf20 | 1a0f ec2c | 0200 00ff | 8780 0100 

  0x0000022c985a2678: ;   {metadata(method data for {method} {0x0000022cab0243f8} 'replace' '([BCC)Ljava/lang/String;' in 'java/lang/StringLatin1')}
  0x0000022c985a2678: 003b ce48 | bf20 1a0f | ec2c 0200 | 0048 bb98 | 0100 0000 | 0000 000f | 8d0a 0000 | 0048 bba8 
  0x0000022c985a2698: 0100 0000 | 0000 0048 | 8b04 1f48 | 8d40 0148 | 8904 1f0f | 8dd3 0700 

  0x0000022c985a26b0: ;   {metadata(method data for {method} {0x0000022cab0243f8} 'replace' '([BCC)Ljava/lang/String;' in 'java/lang/StringLatin1')}
  0x0000022c985a26b0: 0048 bf20 | 1a0f ec2c | 0200 0048 | 8387 b801 

  0x0000022c985a26c0: ;   {metadata(method data for {method} {0x0000022cab024768} 'canEncode' '(I)Z' in 'java/lang/StringLatin1')}
  0x0000022c985a26c0: 0000 0148 | bfe0 ce01 | ec2c 0200 | 008b 9fcc | 0000 0083 | c302 899f | cc00 0000 | 81e3 feff 
  0x0000022c985a26e0: 1f00 83fb | 000f 84c9 | 0800 0049 | 8bf9 c1ef | 0883 ff00 

  0x0000022c985a26f4: ;   {metadata(method data for {method} {0x0000022cab024768} 'canEncode' '(I)Z' in 'java/lang/StringLatin1')}
  0x0000022c985a26f4: 48bf e0ce | 01ec 2c02 | 0000 48bb | 1001 0000 | 0000 0000 | 0f85 0a00 | 0000 48bb | 2001 0000 
  0x0000022c985a2714: 0000 0000 | 488b 041f | 488d 4001 | 4889 041f | 0f85 1a00 

  0x0000022c985a2728: ;   {metadata(method data for {method} {0x0000022cab024768} 'canEncode' '(I)Z' in 'java/lang/StringLatin1')}
  0x0000022c985a2728: 0000 48bf | e0ce 01ec | 2c02 0000 | ff87 3001 | 0000 bf01 | 0000 00e9 | 0500 0000 | bf00 0000 
  0x0000022c985a2748: 0083 e701 

  0x0000022c985a274c: ;   {metadata(method data for {method} {0x0000022cab0243f8} 'replace' '([BCC)Ljava/lang/String;' in 'java/lang/StringLatin1')}
  0x0000022c985a274c: 83ff 0048 | bf20 1a0f | ec2c 0200 | 0048 bbc8 | 0100 0000 | 0000 000f | 840a 0000 | 0048 bbd8 
  0x0000022c985a276c: 0100 0000 | 0000 0048 | 8b04 1f48 | 8d40 0148 | 8904 1f0f | 8478 0300 | 0048 63fe 

  0x0000022c985a2788: ;   {metadata(method data for {method} {0x0000022cab0243f8} 'replace' '([BCC)Ljava/lang/String;' in 'java/lang/StringLatin1')}
  0x0000022c985a2788: 48bb 201a | 0fec 2c02 | 0000 4883 | 83e8 0100 

  0x0000022c985a2798: ;   {metadata(method data for {method} {0x0000022cab427830} 'newArray' '(J)[B' in 'java/lang/StringConcatHelper')}
  0x0000022c985a2798: 0001 48bb | d01d 0fec | 2c02 0000 | 8b83 cc00 | 0000 83c0 | 0289 83cc | 0000 0025 | feff 1f00 
  0x0000022c985a27b8: 83f8 000f | 8414 0800 | 00b9 2000 | 0000 488b | c748 d3f8 | 8bc0 0fbe | c08b ff48 | 8bc8 d3e7 
  0x0000022c985a27d8: ;   {metadata(method data for {method} {0x0000022cab427830} 'newArray' '(J)[B' in 'java/lang/StringConcatHelper')}
  0x0000022c985a27d8: 83ff 0048 | b8d0 1d0f | ec2c 0200 | 0048 b920 | 0100 0000 | 0000 000f | 8c0a 0000 | 0048 b910 
  0x0000022c985a27f8: 0100 0000 | 0000 004c | 8b1c 084d | 8d5b 014c | 891c 080f | 8c93 0600 

  0x0000022c985a2810: ;   {oop(a 'jdk/internal/misc/Unsafe'{0x00000000fff0d2a8})}
  0x0000022c985a2810: 0048 bba8 | d2f0 ff00 | 0000 0048 

  0x0000022c985a281c: ;   {metadata(method data for {method} {0x0000022cab427830} 'newArray' '(J)[B' in 'java/lang/StringConcatHelper')}
  0x0000022c985a281c: 8bc3 49bb | d01d 0fec | 2c02 0000 | 4983 8340 | 0100 0001 

  0x0000022c985a2830: ;   {oop(a 'java/lang/Class'{0x00000000fff003e0} = byte)}
  0x0000022c985a2830: 49b8 e003 | f0ff 0000 | 0000 4c8b | cf48 8bd3 | 0f1f 8000 

  0x0000022c985a2844: ;   {optimized virtual_call}
  0x0000022c985a2844: 0000 00e8 

  0x0000022c985a2848: ; ImmutableOopMap {[88]=Oop }
                      ;*invokevirtual allocateUninitializedArray {reexecute=0 rethrow=0 return_oop=0}
                      ; - java.lang.StringConcatHelper::newArray@33 (line 511)
                      ; - java.lang.StringLatin1::replace@49 (line 304)
  0x0000022c985a2848: 030a 0000 

  0x0000022c985a284c: ;   {other}
  0x0000022c985a284c: 0f1f 8400 | bc06 0001 | 4883 f800 

  0x0000022c985a2858: ;   {metadata(method data for {method} {0x0000022cab427830} 'newArray' '(J)[B' in 'java/lang/StringConcatHelper')}
  0x0000022c985a2858: 7516 48be | d01d 0fec | 2c02 0000 | 808e 7101 | 0000 01e9 | cd00 0000 

  0x0000022c985a2870: ;   {metadata({type array byte})}
  0x0000022c985a2870: 48bf c022 | 00ab 2c02 | 0000 8b70 | 0849 ba00 | 0000 ab2c | 0200 0049 | 03f2 483b | 7e38 0f85 
  0x0000022c985a2890: 8d00 0000 

  0x0000022c985a2894: ;   {metadata(method data for {method} {0x0000022cab427830} 'newArray' '(J)[B' in 'java/lang/StringConcatHelper')}
  0x0000022c985a2894: 48be d01d | 0fec 2c02 | 0000 8b78 | 0849 ba00 | 0000 ab2c | 0200 0049 | 03fa 483b | be88 0100 
  0x0000022c985a28b4: 0075 0d48 | 8386 9001 | 0000 01e9 | 7900 0000 | 483b be98 | 0100 0075 | 0d48 8386 | a001 0000 
  0x0000022c985a28d4: 01e9 6300 | 0000 4883 | be88 0100 | 0000 7517 | 4889 be88 | 0100 0048 | c786 9001 | 0000 0100 
  0x0000022c985a28f4: 0000 e942 | 0000 0048 | 83be 9801 | 0000 0075 | 1748 89be | 9801 0000 | 48c7 86a0 | 0100 0001 
  0x0000022c985a2914: 0000 00e9 | 2100 0000 | e91c 0000 

  0x0000022c985a2920: ;   {metadata(method data for {method} {0x0000022cab427830} 'newArray' '(J)[B' in 'java/lang/StringConcatHelper')}
  0x0000022c985a2920: 0048 bed0 | 1d0f ec2c | 0200 0048 | 83ae 7801 | 0000 01e9 | be06 0000 | e900 0000 | 0048 8bd8 
  0x0000022c985a2940: ba00 0000 | 008b 4c24 | 5048 8b74 | 2458 e96a | 0000 000f | 1f44 0000 | 3b56 0c0f | 839e 0600 
  0x0000022c985a2960: 0048 63fa | 0fbe 7c3e | 103b 530c | 0f83 a506 | 0000 4863 | c240 887c | 0310 ffc2 

  0x0000022c985a297c: ;   {metadata(method data for {method} {0x0000022cab0243f8} 'replace' '([BCC)Ljava/lang/String;' in 'java/lang/StringLatin1')}
  0x0000022c985a297c: 48bf 201a | 0fec 2c02 | 0000 8b87 | d000 0000 | 83c0 0289 | 87d0 0000 | 0025 fe3f | 0000 83f8 
  0x0000022c985a299c: 000f 8482 | 0600 004d | 8b97 5804 

  0x0000022c985a29a8: ; ImmutableOopMap {rbx=Oop rsi=Oop [88]=Oop }
                      ;*goto {reexecute=1 rethrow=0 return_oop=0}
                      ; - (reexecute) java.lang.StringLatin1::replace@76 (line 305)
                      ;   {poll}
  0x0000022c985a29a8: 0000 4185 

  0x0000022c985a29ac: ;   {metadata(method data for {method} {0x0000022cab0243f8} 'replace' '([BCC)Ljava/lang/String;' in 'java/lang/StringLatin1')}
  0x0000022c985a29ac: 0248 bf20 | 1a0f ec2c | 0200 00ff | 8718 0200 

  0x0000022c985a29bc: ;   {metadata(method data for {method} {0x0000022cab0243f8} 'replace' '([BCC)Ljava/lang/String;' in 'java/lang/StringLatin1')}
  0x0000022c985a29bc: 003b d148 | bf20 1a0f | ec2c 0200 | 0048 b808 | 0200 0000 | 0000 000f | 8c0a 0000 | 0048 b8f8 
  0x0000022c985a29dc: 0100 0000 | 0000 004c | 8b04 074d | 8d40 014c | 8904 070f | 8c63 ffff | ff8b 7c24 | 5444 8b4c 
  0x0000022c985a29fc: 2464 448b | 4424 60e9 | b800 0000 | 3b4e 0c0f | 8335 0600 | 0048 63d1 | 0fbe 5416 | 1049 8bc0 
  0x0000022c985a2a1c: 0fbe c03b 

  0x0000022c985a2a20: ;   {metadata(method data for {method} {0x0000022cab0243f8} 'replace' '([BCC)Ljava/lang/String;' in 'java/lang/StringLatin1')}
  0x0000022c985a2a20: d048 b820 | 1a0f ec2c | 0200 0049 | bb50 0200 | 0000 0000 | 000f 850a | 0000 0049 | bb60 0200 
  0x0000022c985a2a40: 0000 0000 | 004e 8b2c | 184d 8d6d | 014e 892c | 180f 8516 | 0000 0049 | 8bd1 0fbe 

  0x0000022c985a2a5c: ;   {metadata(method data for {method} {0x0000022cab0243f8} 'replace' '([BCC)Ljava/lang/String;' in 'java/lang/StringLatin1')}
  0x0000022c985a2a5c: d248 b820 | 1a0f ec2c | 0200 00ff | 8070 0200 | 003b 4b0c | 0f83 e805 | 0000 4863 | c188 5403 
  0x0000022c985a2a7c: ;   {metadata(method data for {method} {0x0000022cab0243f8} 'replace' '([BCC)Ljava/lang/String;' in 'java/lang/StringLatin1')}
  0x0000022c985a2a7c: 10ff c148 | ba20 1a0f | ec2c 0200 | 008b 82d0 | 0000 0083 | c002 8982 | d000 0000 | 25fe 3f00 
  0x0000022c985a2a9c: 0083 f800 | 0f84 c605 | 0000 4d8b | 9758 0400 

  0x0000022c985a2aac: ; ImmutableOopMap {rbx=Oop rsi=Oop [88]=Oop }
                      ;*goto {reexecute=1 rethrow=0 return_oop=0}
                      ; - (reexecute) java.lang.StringLatin1::replace@113 (line 312)
                      ;   {poll}
  0x0000022c985a2aac: 0041 8502 

  0x0000022c985a2ab0: ;   {metadata(method data for {method} {0x0000022cab0243f8} 'replace' '([BCC)Ljava/lang/String;' in 'java/lang/StringLatin1')}
  0x0000022c985a2ab0: 48ba 201a | 0fec 2c02 | 0000 ff82 | 8802 0000 

  0x0000022c985a2ac0: ;   {metadata(method data for {method} {0x0000022cab0243f8} 'replace' '([BCC)Ljava/lang/String;' in 'java/lang/StringLatin1')}
  0x0000022c985a2ac0: 3bcf 48ba | 201a 0fec | 2c02 0000 | 48b8 3002 | 0000 0000 | 0000 0f8d | 0a00 0000 | 48b8 4002 
  0x0000022c985a2ae0: 0000 0000 | 0000 4c8b | 1c02 4d8d | 5b01 4c89 | 1c02 0f8d | 8302 0000 | e90b ffff | ff48 8bfe 
  0x0000022c985a2b00: ;   {metadata(method data for {method} {0x0000022cab0243f8} 'replace' '([BCC)Ljava/lang/String;' in 'java/lang/StringLatin1')}
  0x0000022c985a2b00: 48be 201a | 0fec 2c02 | 0000 4883 | 86b0 0200 | 0001 488b 

  0x0000022c985a2b14: ;   {static_call}
  0x0000022c985a2b14: d766 90e8 

  0x0000022c985a2b18: ; ImmutableOopMap {[88]=Oop }
                      ;*invokestatic newBytesFor {reexecute=0 rethrow=0 return_oop=0}
                      ; - java.lang.StringLatin1::replace@128 (line 315)
  0x0000022c985a2b18: 64cd 5107 

  0x0000022c985a2b1c: ;   {other}
  0x0000022c985a2b1c: 0f1f 8400 | 8c09 0004 

  0x0000022c985a2b24: ;   {metadata(method data for {method} {0x0000022cab0243f8} 'replace' '([BCC)Ljava/lang/String;' in 'java/lang/StringLatin1')}
  0x0000022c985a2b24: 48ba 201a | 0fec 2c02 | 0000 4883 | 82c0 0200 | 0001 488b | 5424 5841 | b800 0000 | 004c 8bc8 
  0x0000022c985a2b44: bf00 0000 | 008b 7424 | 5048 8944 | 2468 0f1f 

  0x0000022c985a2b54: ;   {static_call}
  0x0000022c985a2b54: 4400 00e8 

  0x0000022c985a2b58: ; ImmutableOopMap {[88]=Oop [104]=Oop }
                      ;*invokestatic inflate {reexecute=0 rethrow=0 return_oop=0}
                      ; - java.lang.StringLatin1::replace@140 (line 317)
  0x0000022c985a2b58: 24cd 5107 

  0x0000022c985a2b5c: ;   {other}
  0x0000022c985a2b5c: 0f1f 8400 | cc09 0005 | 8b4c 2450 | 488b 5c24 | 688b 7424 | 5444 8b4c | 2464 448b | 4424 6048 
  0x0000022c985a2b7c: 8b54 2458 | e9b1 0000 | 0066 6690 | 3b4a 0c0f | 83fc 0400 | 0048 63f9 | 0fbe 7c3a | 1081 e7ff 
  0x0000022c985a2b9c: 0000 0041 

  0x0000022c985a2ba0: ;   {metadata(method data for {method} {0x0000022cab0243f8} 'replace' '([BCC)Ljava/lang/String;' in 'java/lang/StringLatin1')}
  0x0000022c985a2ba0: 3bf8 48b8 | 201a 0fec | 2c02 0000 | 49bb f002 | 0000 0000 | 0000 0f85 | 0a00 0000 | 49bb 0003 
  0x0000022c985a2bc0: 0000 0000 | 0000 4e8b | 2c18 4d8d | 6d01 4e89 | 2c18 0f85 | 1300 0000 

  0x0000022c985a2bd8: ;   {metadata(method data for {method} {0x0000022cab0243f8} 'replace' '([BCC)Ljava/lang/String;' in 'java/lang/StringLatin1')}
  0x0000022c985a2bd8: 48bf 201a | 0fec 2c02 | 0000 ff87 | 1003 0000 | 498b f948 | 63c1 6689 | 7c43 10ff 

  0x0000022c985a2bf4: ;   {metadata(method data for {method} {0x0000022cab0243f8} 'replace' '([BCC)Ljava/lang/String;' in 'java/lang/StringLatin1')}
  0x0000022c985a2bf4: c148 bf20 | 1a0f ec2c | 0200 008b | 87d0 0000 | 0083 c002 | 8987 d000 | 0000 25fe | 3f00 0083 
  0x0000022c985a2c14: f800 0f84 | 8404 0000 | 4d8b 9758 

  0x0000022c985a2c20: ; ImmutableOopMap {rbx=Oop rdx=Oop [88]=Oop }
                      ;*goto {reexecute=1 rethrow=0 return_oop=0}
                      ; - (reexecute) java.lang.StringLatin1::replace@182 (line 322)
                      ;   {poll}
  0x0000022c985a2c20: 0400 0041 

  0x0000022c985a2c24: ;   {metadata(method data for {method} {0x0000022cab0243f8} 'replace' '([BCC)Ljava/lang/String;' in 'java/lang/StringLatin1')}
  0x0000022c985a2c24: 8502 48bf | 201a 0fec | 2c02 0000 | ff87 3803 | 0000 3bce 

  0x0000022c985a2c38: ;   {metadata(method data for {method} {0x0000022cab0243f8} 'replace' '([BCC)Ljava/lang/String;' in 'java/lang/StringLatin1')}
  0x0000022c985a2c38: 48bf 201a | 0fec 2c02 | 0000 48b8 | e002 0000 | 0000 0000 | 0f8c 0a00 | 0000 48b8 | d002 0000 
  0x0000022c985a2c58: 0000 0000 | 4c8b 1c07 | 4d8d 5b01 | 4c89 1c07 | 0f8c 1aff 

  0x0000022c985a2c6c: ;   {metadata('java/lang/String')}
  0x0000022c985a2c6c: ffff 48ba | d8e8 00ab | 2c02 0000 | 498b 87b8 | 0100 0048 | 8d78 1849 | 3bbf c801 | 0000 0f87 
  0x0000022c985a2c8c: 3104 0000 | 4989 bfb8 | 0100 0048 | c700 0100 | 0000 488b | ca49 ba00 | 0000 ab2c | 0200 0049 
  0x0000022c985a2cac: 2bca 8948 | 0848 33c9 | 8948 0c48 | 33c9 4889 | 4810 488b 

  0x0000022c985a2cc0: ;   {metadata(method data for {method} {0x0000022cab0243f8} 'replace' '([BCC)Ljava/lang/String;' in 'java/lang/StringLatin1')}
  0x0000022c985a2cc0: d048 be20 | 1a0f ec2c | 0200 0048 | 8386 5003 

  0x0000022c985a2cd0: ;   {metadata(method data for {method} {0x0000022cab45d2a8} '<init>' '([BB)V' in 'java/lang/String')}
  0x0000022c985a2cd0: 0000 0148 | bab8 3503 | ec2c 0200 | 008b b2cc | 0000 0083 | c602 89b2 | cc00 0000 | 81e6 feff 
  0x0000022c985a2cf0: 1f00 83fe | 000f 84d3 | 0300 0048 

  0x0000022c985a2cfc: ;   {metadata(method data for {method} {0x0000022cab45d2a8} '<init>' '([BB)V' in 'java/lang/String')}
  0x0000022c985a2cfc: 8bd0 48be | b835 03ec | 2c02 0000 | 4883 8610 | 0100 0001 

  0x0000022c985a2d10: ;   {metadata(method data for {method} {0x0000022cab47c6a0} '<init>' '()V' in 'java/lang/Object')}
  0x0000022c985a2d10: 48ba 5075 | 00ec 2c02 | 0000 8bb2 | cc00 0000 | 83c6 0289 | b2cc 0000 | 0081 e6fe | ff1f 0083 
  0x0000022c985a2d30: fe00 0f84 | b703 0000 | 410f be57 | 4083 fa00 | 0f85 ca03 | 0000 4c8b | d344 8950 | 1448 8bd0 
  0x0000022c985a2d50: 4833 d348 | c1ea 1448 | 83fa 000f | 85ca 0300 | 00c6 4010 | 0148 81c4 | 8000 0000 

  0x0000022c985a2d6c: ;   {poll_return}
  0x0000022c985a2d6c: 5d49 3ba7 | 5004 0000 | 0f87 c903 

  0x0000022c985a2d78: ;   {metadata('java/lang/String')}
  0x0000022c985a2d78: 0000 c348 | bad8 e800 | ab2c 0200 | 0049 8b87 | b801 0000 | 488d 7818 | 493b bfc8 | 0100 000f 
  0x0000022c985a2d98: 87bc 0300 | 0049 89bf | b801 0000 | 48c7 0001 | 0000 0048 | 8bca 49ba | 0000 00ab | 2c02 0000 
  0x0000022c985a2db8: 492b ca89 | 4808 4833 | c989 480c | 4833 c948 | 8948 1048 

  0x0000022c985a2dcc: ;   {metadata(method data for {method} {0x0000022cab0243f8} 'replace' '([BCC)Ljava/lang/String;' in 'java/lang/StringLatin1')}
  0x0000022c985a2dcc: 8bd0 48be | 201a 0fec | 2c02 0000 | 4883 86a0 | 0200 0001 

  0x0000022c985a2de0: ;   {metadata(method data for {method} {0x0000022cab45d2a8} '<init>' '([BB)V' in 'java/lang/String')}
  0x0000022c985a2de0: 48ba b835 | 03ec 2c02 | 0000 8bb2 | cc00 0000 | 83c6 0289 | b2cc 0000 | 0081 e6fe | ff1f 0083 
  0x0000022c985a2e00: fe00 0f84 | 5e03 0000 

  0x0000022c985a2e08: ;   {metadata(method data for {method} {0x0000022cab45d2a8} '<init>' '([BB)V' in 'java/lang/String')}
  0x0000022c985a2e08: 488b d048 | beb8 3503 | ec2c 0200 | 0048 8386 | 1001 0000 

  0x0000022c985a2e1c: ;   {metadata(method data for {method} {0x0000022cab47c6a0} '<init>' '()V' in 'java/lang/Object')}
  0x0000022c985a2e1c: 0148 ba50 | 7500 ec2c | 0200 008b | b2cc 0000 | 0083 c602 | 89b2 cc00 | 0000 81e6 | feff 1f00 
  0x0000022c985a2e3c: 83fe 000f | 8442 0300 | 0041 0fbe | 5740 83fa | 000f 8555 | 0300 004c | 8bd3 4489 | 5014 488b 
  0x0000022c985a2e5c: d048 33d3 | 48c1 ea14 | 4883 fa00 | 0f85 5503 | 0000 4881 | c480 0000 

  0x0000022c985a2e74: ;   {poll_return}
  0x0000022c985a2e74: 005d 493b | a750 0400 | 000f 8758 | 0300 00c3 

  0x0000022c985a2e84: ;   {oop(nullptr)}
  0x0000022c985a2e84: 48b8 0000 | 0000 0000 | 0000 4881 | c480 0000 

  0x0000022c985a2e94: ;   {poll_return}
  0x0000022c985a2e94: 005d 493b | a750 0400 | 000f 874e | 0300 00c3 

  0x0000022c985a2ea4: ;   {metadata('java/lang/OutOfMemoryError')}
  0x0000022c985a2ea4: 48ba 4834 | 02ab 2c02 | 0000 498b | 87b8 0100 | 0048 8d78 | 2849 3bbf | c801 0000 | 0f87 4103 
  0x0000022c985a2ec4: 0000 4989 | bfb8 0100 | 0048 c700 | 0100 0000 | 488b ca49 | ba00 0000 | ab2c 0200 | 0049 2bca 
  0x0000022c985a2ee4: 8948 0848 | 33c9 8948 | 0c48 33c9 | 4889 4810 | 4889 4818 | 4889 4820 

  0x0000022c985a2efc: ;   {metadata(method data for {method} {0x0000022cab427830} 'newArray' '(J)[B' in 'java/lang/StringConcatHelper')}
  0x0000022c985a2efc: 488b d048 | bed0 1d0f | ec2c 0200 | 0048 8386 | 3001 0000 

  0x0000022c985a2f10: ;   {oop("Overflow: String length out of range"{0x00000000ffe00550})}
  0x0000022c985a2f10: 0149 b850 | 05e0 ff00 | 0000 0048 | 8bd0 4889 | 4424 700f 

  0x0000022c985a2f24: ;   {optimized virtual_call}
  0x0000022c985a2f24: 1f40 00e8 

  0x0000022c985a2f28: ; ImmutableOopMap {[88]=Oop [112]=Oop }
                      ;*invokespecial <init> {reexecute=0 rethrow=0 return_oop=0}
                      ; - java.lang.StringConcatHelper::newArray@22 (line 509)
                      ; - java.lang.StringLatin1::replace@49 (line 304)
  0x0000022c985a2f28: 54bf 5107 

  0x0000022c985a2f2c: ;   {other}
  0x0000022c985a2f2c: 0f1f 8400 | 9c0d 0007 | 488b 4424 | 70e9 f302 

  0x0000022c985a2f3c: ;   {metadata({method} {0x0000022cab0243f8} 'replace' '([BCC)Ljava/lang/String;' in 'java/lang/StringLatin1')}
  0x0000022c985a2f3c: 0000 49ba | f043 02ab | 2c02 0000 | 4c89 5424 | 0848 c704 | 24ff ffff 

  0x0000022c985a2f54: ;   {runtime_call counter_overflow Runtime1 stub}
  0x0000022c985a2f54: ffe8 a699 

  0x0000022c985a2f58: ; ImmutableOopMap {rdx=Oop [88]=Oop }
                      ;*synchronization entry
                      ; - java.lang.StringLatin1::replace@-1 (line 294)
  0x0000022c985a2f58: 5f07 e937 

  0x0000022c985a2f5c: ;   {metadata({method} {0x0000022cab024768} 'canEncode' '(I)Z' in 'java/lang/StringLatin1')}
  0x0000022c985a2f5c: f5ff ff49 | ba60 4702 | ab2c 0200 | 004c 8954 | 2408 48c7 | 0424 ffff 

  0x0000022c985a2f74: ;   {runtime_call counter_overflow Runtime1 stub}
  0x0000022c985a2f74: ffff e885 

  0x0000022c985a2f78: ; ImmutableOopMap {rdx=Oop [88]=Oop }
                      ;*synchronization entry
                      ; - java.lang.StringLatin1::canEncode@-1 (line 51)
                      ; - java.lang.StringLatin1::replace@1 (line 294)
  0x0000022c985a2f78: 995f 07e9 | 50f5 ffff 

  0x0000022c985a2f80: ;   {runtime_call throw_null_pointer_exception Runtime1 stub}
  0x0000022c985a2f80: e81b 1e5f 

  0x0000022c985a2f84: ; ImmutableOopMap {rdx=Oop [88]=Oop }
                      ;*arraylength {reexecute=0 rethrow=0 return_oop=0}
                      ; - java.lang.StringLatin1::replace@8 (line 295)
  0x0000022c985a2f84: 0748 890c | 2448 8954 

  0x0000022c985a2f8c: ;   {runtime_call throw_range_check_failed Runtime1 stub}
  0x0000022c985a2f8c: 2408 e80d 

  0x0000022c985a2f90: ; ImmutableOopMap {rdx=Oop [88]=Oop }
                      ;*baload {reexecute=0 rethrow=0 return_oop=0}
                      ; - java.lang.StringLatin1::replace@25 (line 298)
                      ;   {metadata({method} {0x0000022cab0243f8} 'replace' '([BCC)Ljava/lang/String;' in 'java/lang/StringLatin1')}
  0x0000022c985a2f90: 155f 0749 | baf0 4302 | ab2c 0200 | 004c 8954 | 2408 48c7 | 0424 1c00 

  0x0000022c985a2fa8: ;   {runtime_call counter_overflow Runtime1 stub}
  0x0000022c985a2fa8: 0000 e851 

  0x0000022c985a2fac: ; ImmutableOopMap {rdx=Oop [88]=Oop }
                      ;*if_icmpne {reexecute=1 rethrow=0 return_oop=0}
                      ; - (reexecute) java.lang.StringLatin1::replace@28 (line 298)
  0x0000022c985a2fac: 995f 07e9 | 30f6 ffff 

  0x0000022c985a2fb4: ;   {metadata({method} {0x0000022cab024768} 'canEncode' '(I)Z' in 'java/lang/StringLatin1')}
  0x0000022c985a2fb4: 49ba 6047 | 02ab 2c02 | 0000 4c89 | 5424 0848 | c704 24ff 

  0x0000022c985a2fc8: ;   {runtime_call counter_overflow Runtime1 stub}
  0x0000022c985a2fc8: ffff ffe8 

  0x0000022c985a2fcc: ; ImmutableOopMap {rdx=Oop [88]=Oop }
                      ;*synchronization entry
                      ; - java.lang.StringLatin1::canEncode@-1 (line 51)
                      ; - java.lang.StringLatin1::replace@41 (line 303)
  0x0000022c985a2fcc: 3099 5f07 | e916 f7ff 

  0x0000022c985a2fd4: ;   {metadata({method} {0x0000022cab427830} 'newArray' '(J)[B' in 'java/lang/StringConcatHelper')}
  0x0000022c985a2fd4: ff49 ba28 | 7842 ab2c | 0200 004c | 8954 2408 | 48c7 0424 | ffff ffff 

  0x0000022c985a2fec: ;   {runtime_call counter_overflow Runtime1 stub}
  0x0000022c985a2fec: e80f 995f 

  0x0000022c985a2ff0: ; ImmutableOopMap {rdx=Oop [88]=Oop }
                      ;*synchronization entry
                      ; - java.lang.StringConcatHelper::newArray@-1 (line 506)
                      ; - java.lang.StringLatin1::replace@49 (line 304)
  0x0000022c985a2ff0: 07e9 cbf7 | ffff 4889 

  0x0000022c985a2ff8: ;   {runtime_call throw_class_cast_exception Runtime1 stub}
  0x0000022c985a2ff8: 0424 e8a1 

  0x0000022c985a2ffc: ; ImmutableOopMap {[88]=Oop }
                      ;*checkcast {reexecute=0 rethrow=0 return_oop=0}
                      ; - java.lang.StringConcatHelper::newArray@36 (line 511)
                      ; - java.lang.StringLatin1::replace@49 (line 304)
  0x0000022c985a2ffc: 555f 0748 | 8914 2448 | 8974 2408 

  0x0000022c985a3008: ;   {runtime_call throw_range_check_failed Runtime1 stub}
  0x0000022c985a3008: e893 145f 

  0x0000022c985a300c: ; ImmutableOopMap {rbx=Oop rsi=Oop [88]=Oop }
                      ;*baload {reexecute=0 rethrow=0 return_oop=0}
                      ; - java.lang.StringLatin1::replace@71 (line 306)
                      ;   {runtime_call throw_null_pointer_exception Runtime1 stub}
  0x0000022c985a300c: 07e8 8e1d 

  0x0000022c985a3010: ; ImmutableOopMap {rbx=Oop rsi=Oop [88]=Oop }
                      ;*bastore {reexecute=0 rethrow=0 return_oop=0}
                      ; - java.lang.StringLatin1::replace@72 (line 306)
                      ;   {runtime_call throw_null_pointer_exception Runtime1 stub}
  0x0000022c985a3010: 5f07 e889 

  0x0000022c985a3014: ; ImmutableOopMap {rbx=Oop rsi=Oop [88]=Oop }
                      ;*bastore {reexecute=0 rethrow=0 return_oop=0}
                      ; - java.lang.StringLatin1::replace@72 (line 306)
  0x0000022c985a3014: 1d5f 0748 | 8914 2448 | 895c 2408 

  0x0000022c985a3020: ;   {runtime_call throw_range_check_failed Runtime1 stub}
  0x0000022c985a3020: e87b 145f 

  0x0000022c985a3024: ; ImmutableOopMap {rbx=Oop rsi=Oop [88]=Oop }
                      ;*bastore {reexecute=0 rethrow=0 return_oop=0}
                      ; - java.lang.StringLatin1::replace@72 (line 306)
                      ;   {metadata({method} {0x0000022cab0243f8} 'replace' '([BCC)Ljava/lang/String;' in 'java/lang/StringLatin1')}
  0x0000022c985a3024: 0749 baf0 | 4302 ab2c | 0200 004c | 8954 2408 | 48c7 0424 | 4c00 0000 

  0x0000022c985a303c: ;   {runtime_call counter_overflow Runtime1 stub}
  0x0000022c985a303c: e8bf 985f 

  0x0000022c985a3040: ; ImmutableOopMap {rbx=Oop rsi=Oop [88]=Oop }
                      ;*goto {reexecute=1 rethrow=0 return_oop=0}
                      ; - (reexecute) java.lang.StringLatin1::replace@76 (line 305)
  0x0000022c985a3040: 07e9 5df9 | ffff 4889 | 0c24 4889 

  0x0000022c985a304c: ;   {runtime_call throw_range_check_failed Runtime1 stub}
  0x0000022c985a304c: 7424 08e8 

  0x0000022c985a3050: ; ImmutableOopMap {rbx=Oop rsi=Oop [88]=Oop }
                      ;*baload {reexecute=0 rethrow=0 return_oop=0}
                      ; - java.lang.StringLatin1::replace@88 (line 309)
  0x0000022c985a3050: 4c14 5f07 

  0x0000022c985a3054: ;   {runtime_call throw_null_pointer_exception Runtime1 stub}
  0x0000022c985a3054: e847 1d5f 

  0x0000022c985a3058: ; ImmutableOopMap {rbx=Oop rsi=Oop [88]=Oop }
                      ;*bastore {reexecute=0 rethrow=0 return_oop=0}
                      ; - java.lang.StringLatin1::replace@109 (line 310)
                      ;   {runtime_call throw_null_pointer_exception Runtime1 stub}
  0x0000022c985a3058: 07e8 421d 

  0x0000022c985a305c: ; ImmutableOopMap {rbx=Oop rsi=Oop [88]=Oop }
                      ;*bastore {reexecute=0 rethrow=0 return_oop=0}
                      ; - java.lang.StringLatin1::replace@109 (line 310)
  0x0000022c985a305c: 5f07 4889 | 0c24 4889 

  0x0000022c985a3064: ;   {runtime_call throw_range_check_failed Runtime1 stub}
  0x0000022c985a3064: 5c24 08e8 

  0x0000022c985a3068: ; ImmutableOopMap {rbx=Oop rsi=Oop [88]=Oop }
                      ;*bastore {reexecute=0 rethrow=0 return_oop=0}
                      ; - java.lang.StringLatin1::replace@109 (line 310)
  0x0000022c985a3068: 3414 5f07 

  0x0000022c985a306c: ;   {metadata({method} {0x0000022cab0243f8} 'replace' '([BCC)Ljava/lang/String;' in 'java/lang/StringLatin1')}
  0x0000022c985a306c: 49ba f043 | 02ab 2c02 | 0000 4c89 | 5424 0848 | c704 2471 

  0x0000022c985a3080: ;   {runtime_call counter_overflow Runtime1 stub}
  0x0000022c985a3080: 0000 00e8 

  0x0000022c985a3084: ; ImmutableOopMap {rbx=Oop rsi=Oop [88]=Oop }
                      ;*goto {reexecute=1 rethrow=0 return_oop=0}
                      ; - (reexecute) java.lang.StringLatin1::replace@113 (line 312)
  0x0000022c985a3084: 7898 5f07 | e919 faff | ff48 890c | 2448 8954 

  0x0000022c985a3094: ;   {runtime_call throw_range_check_failed Runtime1 stub}
  0x0000022c985a3094: 2408 e805 

  0x0000022c985a3098: ; ImmutableOopMap {rbx=Oop rdx=Oop [88]=Oop }
                      ;*baload {reexecute=0 rethrow=0 return_oop=0}
                      ; - java.lang.StringLatin1::replace@152 (line 319)
                      ;   {runtime_call throw_null_pointer_exception Runtime1 stub}
  0x0000022c985a3098: 145f 07e8 

  0x0000022c985a309c: ; ImmutableOopMap {rbx=Oop rdx=Oop [88]=Oop }
                      ;*invokestatic putChar {reexecute=0 rethrow=0 return_oop=0}
                      ; - java.lang.StringLatin1::replace@176 (line 320)
  0x0000022c985a309c: 001d 5f07 

  0x0000022c985a30a0: ;   {metadata({method} {0x0000022cab0243f8} 'replace' '([BCC)Ljava/lang/String;' in 'java/lang/StringLatin1')}
  0x0000022c985a30a0: 49ba f043 | 02ab 2c02 | 0000 4c89 | 5424 0848 | c704 24b6 

  0x0000022c985a30b4: ;   {runtime_call counter_overflow Runtime1 stub}
  0x0000022c985a30b4: 0000 00e8 

  0x0000022c985a30b8: ; ImmutableOopMap {rbx=Oop rdx=Oop [88]=Oop }
                      ;*goto {reexecute=1 rethrow=0 return_oop=0}
                      ; - (reexecute) java.lang.StringLatin1::replace@182 (line 322)
  0x0000022c985a30b8: 4498 5f07 | e95b fbff | ff48 8bd2 

  0x0000022c985a30c4: ;   {runtime_call fast_new_instance Runtime1 stub}
  0x0000022c985a30c4: e8b7 2d5f 

  0x0000022c985a30c8: ; ImmutableOopMap {rbx=Oop }
                      ;*new {reexecute=0 rethrow=0 return_oop=0}
                      ; - java.lang.StringLatin1::replace@185 (line 323)
  0x0000022c985a30c8: 07e9 f0fb 

  0x0000022c985a30cc: ;   {metadata({method} {0x0000022cab45d2a8} '<init>' '([BB)V' in 'java/lang/String')}
  0x0000022c985a30cc: ffff 49ba | a0d2 45ab | 2c02 0000 | 4c89 5424 | 0848 c704 | 24ff ffff 

  0x0000022c985a30e4: ;   {runtime_call counter_overflow Runtime1 stub}
  0x0000022c985a30e4: ffe8 1698 

  0x0000022c985a30e8: ; ImmutableOopMap {rbx=Oop rax=Oop }
                      ;*synchronization entry
                      ; - java.lang.String::<init>@-1 (line 4803)
                      ; - java.lang.StringLatin1::replace@192 (line 323)
  0x0000022c985a30e8: 5f07 e90c 

  0x0000022c985a30ec: ;   {metadata({method} {0x0000022cab47c6a0} '<init>' '()V' in 'java/lang/Object')}
  0x0000022c985a30ec: fcff ff49 | ba98 c647 | ab2c 0200 | 004c 8954 | 2408 48c7 | 0424 ffff 

  0x0000022c985a3104: ;   {runtime_call counter_overflow Runtime1 stub}
  0x0000022c985a3104: ffff e8f5 

  0x0000022c985a3108: ; ImmutableOopMap {rbx=Oop rax=Oop }
                      ;*synchronization entry
                      ; - java.lang.Object::<init>@-1 (line 45)
                      ; - java.lang.String::<init>@1 (line 4803)
                      ; - java.lang.StringLatin1::replace@192 (line 323)
  0x0000022c985a3108: 975f 07e9 | 28fc ffff | 8b50 1448 | 83fa 000f | 8429 fcff | ff48 8914 

  0x0000022c985a3120: ;   {runtime_call g1_pre_barrier_slow}
  0x0000022c985a3120: 24e8 da9e | 5f07 e91b | fcff ff48 | 83fb 000f | 842c fcff | ff48 8904 

  0x0000022c985a3138: ;   {runtime_call g1_post_barrier_slow}
  0x0000022c985a3138: 24e8 42a2 | 5f07 e91e 

  0x0000022c985a3140: ;   {internal_word}
  0x0000022c985a3140: fcff ff49 | ba6d 2d5a | 982c 0200 | 004d 8997 | 6804 0000 

  0x0000022c985a3154: ;   {runtime_call SafepointBlob}
  0x0000022c985a3154: e927 3a52 | 0748 8bd2 

  0x0000022c985a315c: ;   {runtime_call fast_new_instance Runtime1 stub}
  0x0000022c985a315c: e81f 2d5f 

  0x0000022c985a3160: ; ImmutableOopMap {rbx=Oop }
                      ;*new {reexecute=0 rethrow=0 return_oop=0}
                      ; - java.lang.StringLatin1::replace@116 (line 313)
  0x0000022c985a3160: 07e9 65fc 

  0x0000022c985a3164: ;   {metadata({method} {0x0000022cab45d2a8} '<init>' '([BB)V' in 'java/lang/String')}
  0x0000022c985a3164: ffff 49ba | a0d2 45ab | 2c02 0000 | 4c89 5424 | 0848 c704 | 24ff ffff 

  0x0000022c985a317c: ;   {runtime_call counter_overflow Runtime1 stub}
  0x0000022c985a317c: ffe8 7e97 

  0x0000022c985a3180: ; ImmutableOopMap {rbx=Oop rax=Oop }
                      ;*synchronization entry
                      ; - java.lang.String::<init>@-1 (line 4803)
                      ; - java.lang.StringLatin1::replace@123 (line 313)
  0x0000022c985a3180: 5f07 e981 

  0x0000022c985a3184: ;   {metadata({method} {0x0000022cab47c6a0} '<init>' '()V' in 'java/lang/Object')}
  0x0000022c985a3184: fcff ff49 | ba98 c647 | ab2c 0200 | 004c 8954 | 2408 48c7 | 0424 ffff 

  0x0000022c985a319c: ;   {runtime_call counter_overflow Runtime1 stub}
  0x0000022c985a319c: ffff e85d 

  0x0000022c985a31a0: ; ImmutableOopMap {rbx=Oop rax=Oop }
                      ;*synchronization entry
                      ; - java.lang.Object::<init>@-1 (line 45)
                      ; - java.lang.String::<init>@1 (line 4803)
                      ; - java.lang.StringLatin1::replace@123 (line 313)
  0x0000022c985a31a0: 975f 07e9 | 9dfc ffff | 8b50 1448 | 83fa 000f | 849e fcff | ff48 8914 

  0x0000022c985a31b8: ;   {runtime_call g1_pre_barrier_slow}
  0x0000022c985a31b8: 24e8 429e | 5f07 e990 | fcff ff48 | 83fb 000f | 84a1 fcff | ff48 8904 

  0x0000022c985a31d0: ;   {runtime_call g1_post_barrier_slow}
  0x0000022c985a31d0: 24e8 aaa1 | 5f07 e993 

  0x0000022c985a31d8: ;   {internal_word}
  0x0000022c985a31d8: fcff ff49 | ba76 2e5a | 982c 0200 | 004d 8997 | 6804 0000 

  0x0000022c985a31ec: ;   {runtime_call SafepointBlob}
  0x0000022c985a31ec: e98f 3952 

  0x0000022c985a31f0: ;   {internal_word}
  0x0000022c985a31f0: 0749 ba96 | 2e5a 982c | 0200 004d | 8997 6804 

  0x0000022c985a3200: ;   {runtime_call SafepointBlob}
  0x0000022c985a3200: 0000 e979 | 3952 0748 

  0x0000022c985a3208: ;   {runtime_call fast_new_instance Runtime1 stub}
  0x0000022c985a3208: 8bd2 e871 

  0x0000022c985a320c: ; ImmutableOopMap {[88]=Oop }
                      ;*new {reexecute=0 rethrow=0 return_oop=0}
                      ; - java.lang.StringConcatHelper::newArray@16 (line 509)
                      ; - java.lang.StringLatin1::replace@49 (line 304)
  0x0000022c985a320c: 2c5f 07e9 | e8fc ffff | 498b 8700 | 0500 0049 | c787 0005 | 0000 0000 | 0000 49c7 | 8708 0500 
  0x0000022c985a322c: 0000 0000 | 0048 81c4 | 8000 0000 

  0x0000022c985a3238: ;   {runtime_call unwind_exception Runtime1 stub}
  0x0000022c985a3238: 5de9 4200 | 5f07 f4f4 
[Stub Code]
  0x0000022c985a3240: ;   {no_reloc}
  0x0000022c985a3240: 48bb 0000 | 0000 0000 

  0x0000022c985a3248: ;   {runtime_call}
  0x0000022c985a3248: 0000 e9fb 

  0x0000022c985a324c: ;   {static_stub}
  0x0000022c985a324c: ffff ff48 | bba8 4644 | ab2c 0200 

  0x0000022c985a3258: ;   {runtime_call I2C/C2I adapters}
  0x0000022c985a3258: 00e9 2d48 

  0x0000022c985a325c: ;   {static_stub}
  0x0000022c985a325c: 5107 48bb | 0000 0000 | 0000 0000 

  0x0000022c985a3268: ;   {runtime_call}
  0x0000022c985a3268: e9fb ffff 

  0x0000022c985a326c: ;   {static_stub}
  0x0000022c985a326c: ff48 bb00 | 0000 0000 

  0x0000022c985a3274: ;   {runtime_call}
  0x0000022c985a3274: 0000 00e9 | fbff ffff 
[Exception Handler]
  0x0000022c985a327c: ;   {runtime_call handle_exception_from_callee Runtime1 stub}
  0x0000022c985a327c: e8ff 465f 

  0x0000022c985a3280: ;   {external_word}
  0x0000022c985a3280: 0748 b900 | 28cf e4f9 | 7f00 0048 

  0x0000022c985a328c: ;   {runtime_call}
  0x0000022c985a328c: 83e4 f048 | b8e0 0f97 | e4f9 7f00 | 00ff d0f4 
[Deopt Handler Code]
  0x0000022c985a329c: ;   {section_word}
  0x0000022c985a329c: 49ba 9c32 | 5a98 2c02 | 0000 4152 

  0x0000022c985a32a8: ;   {runtime_call DeoptimizationBlob}
  0x0000022c985a32a8: e973 4d52 | 07f4 f4f4 
[/MachCode]


---------------  P R O C E S S  ---------------

Threads class SMR info:
_java_thread_list=0x0000022caa5d6c50, length=11, elements={
0x0000022c8df30a90, 0x0000022caa334bf0, 0x0000022c901ad2d0, 0x0000022caa339530,
0x0000022caa33bc00, 0x0000022caa33c750, 0x0000022caa33d2a0, 0x0000022caa34c940,
0x0000022caa34fb10, 0x0000022caa602710, 0x0000022caa605770
}

Java Threads: ( => current thread )
=>0x0000022c8df30a90 JavaThread "main"                              [_thread_in_vm, id=22936, stack(0x0000007a62400000,0x0000007a62500000) (1024K)]
  0x0000022caa334bf0 JavaThread "Reference Handler"          daemon [_thread_blocked, id=17384, stack(0x0000007a62c00000,0x0000007a62d00000) (1024K)]
  0x0000022c901ad2d0 JavaThread "Finalizer"                  daemon [_thread_blocked, id=304, stack(0x0000007a62d00000,0x0000007a62e00000) (1024K)]
  0x0000022caa339530 JavaThread "Signal Dispatcher"          daemon [_thread_blocked, id=8916, stack(0x0000007a62e00000,0x0000007a62f00000) (1024K)]
  0x0000022caa33bc00 JavaThread "Attach Listener"            daemon [_thread_blocked, id=9744, stack(0x0000007a62f00000,0x0000007a63000000) (1024K)]
  0x0000022caa33c750 JavaThread "Service Thread"             daemon [_thread_blocked, id=27844, stack(0x0000007a63000000,0x0000007a63100000) (1024K)]
  0x0000022caa33d2a0 JavaThread "Monitor Deflation Thread"   daemon [_thread_blocked, id=25552, stack(0x0000007a63100000,0x0000007a63200000) (1024K)]
  0x0000022caa34c940 JavaThread "C2 CompilerThread0"         daemon [_thread_blocked, id=23972, stack(0x0000007a63200000,0x0000007a63300000) (1024K)]
  0x0000022caa34fb10 JavaThread "C1 CompilerThread0"         daemon [_thread_blocked, id=25456, stack(0x0000007a63300000,0x0000007a63400000) (1024K)]
  0x0000022caa602710 JavaThread "Notification Thread"        daemon [_thread_blocked, id=19948, stack(0x0000007a63400000,0x0000007a63500000) (1024K)]
  0x0000022caa605770 JavaThread "Common-Cleaner"             daemon [_thread_blocked, id=8076, stack(0x0000007a63500000,0x0000007a63600000) (1024K)]
Total: 11

Other Threads:
  0x0000022c90196960 VMThread "VM Thread"                           [id=3644, stack(0x0000007a62b00000,0x0000007a62c00000) (1024K)]
  0x0000022caa32d0c0 WatcherThread "VM Periodic Task Thread"        [id=25368, stack(0x0000007a62a00000,0x0000007a62b00000) (1024K)]
  0x0000022c901059f0 WorkerThread "GC Thread#0"                     [id=120, stack(0x0000007a62500000,0x0000007a62600000) (1024K)]
  0x0000022c901081e0 ConcurrentGCThread "G1 Main Marker"            [id=25940, stack(0x0000007a62600000,0x0000007a62700000) (1024K)]
  0x0000022c90108e90 WorkerThread "G1 Conc#0"                       [id=26016, stack(0x0000007a62700000,0x0000007a62800000) (1024K)]
  0x0000022c9016ddc0 ConcurrentGCThread "G1 Refine#0"               [id=18504, stack(0x0000007a62800000,0x0000007a62900000) (1024K)]
  0x0000022c9016e930 ConcurrentGCThread "G1 Service"                [id=27840, stack(0x0000007a62900000,0x0000007a62a00000) (1024K)]
Total: 7

Threads with active compile tasks:
Total: 0

VM state: not at safepoint (normal execution)

VM Mutex/Monitor currently owned by a thread: None

Heap address: 0x00000000fc000000, size: 64 MB, Compressed Oops mode: 32-bit

CDS archive(s) mapped at: [0x0000022cab000000-0x0000022cabc90000-0x0000022cabc90000), size 13172736, SharedBaseAddress: 0x0000022cab000000, ArchiveRelocationMode: 1.
Compressed class space mapped at: 0x0000022cac000000-0x0000022cec000000, reserved size: 1073741824
Narrow klass base: 0x0000022cab000000, Narrow klass shift: 0, Narrow klass range: 0x100000000

GC Precious Log:
 CardTable entry size: 512
 Card Set container configuration: InlinePtr #cards 5 size 8 Array Of Cards #cards 12 size 40 Howl #buckets 4 coarsen threshold 1843 Howl Bitmap #cards 512 size 80 coarsen threshold 460 Card regions per heap region 1 cards per card region 2048
 CPUs: 8 total, 8 available
 Memory: 20218M
 Large Page Support: Disabled
 NUMA Support: Disabled
 Compressed Oops: Enabled (32-bit)
 Heap Region Size: 1M
 Heap Min Capacity: 64M
 Heap Initial Capacity: 64M
 Heap Max Capacity: 64M
 Pre-touch: Disabled
 Parallel Workers: 8
 Concurrent Workers: 2
 Concurrent Refinement Workers: 8
 Periodic GC: Disabled

Heap:
 garbage-first heap   total 65536K, used 3072K [0x00000000fc000000, 0x0000000100000000)
  region size 1024K, 4 young (4096K), 0 survivors (0K)
 Metaspace       used 1242K, committed 1408K, reserved 1114112K
  class space    used 122K, committed 192K, reserved 1048576K

Heap Regions: E=young(eden), S=young(survivor), O=old, HS=humongous(starts), HC=humongous(continues), CS=collection set, F=free, TAMS=top-at-mark-start, PB=parsable bottom
|   0|0x00000000fc000000, 0x00000000fc000000, 0x00000000fc100000|  0%| F|  |TAMS 0x00000000fc000000| PB 0x00000000fc000000| Untracked 
|   1|0x00000000fc100000, 0x00000000fc100000, 0x00000000fc200000|  0%| F|  |TAMS 0x00000000fc100000| PB 0x00000000fc100000| Untracked 
|   2|0x00000000fc200000, 0x00000000fc200000, 0x00000000fc300000|  0%| F|  |TAMS 0x00000000fc200000| PB 0x00000000fc200000| Untracked 
|   3|0x00000000fc300000, 0x00000000fc300000, 0x00000000fc400000|  0%| F|  |TAMS 0x00000000fc300000| PB 0x00000000fc300000| Untracked 
|   4|0x00000000fc400000, 0x00000000fc400000, 0x00000000fc500000|  0%| F|  |TAMS 0x00000000fc400000| PB 0x00000000fc400000| Untracked 
|   5|0x00000000fc500000, 0x00000000fc500000, 0x00000000fc600000|  0%| F|  |TAMS 0x00000000fc500000| PB 0x00000000fc500000| Untracked 
|   6|0x00000000fc600000, 0x00000000fc600000, 0x00000000fc700000|  0%| F|  |TAMS 0x00000000fc600000| PB 0x00000000fc600000| Untracked 
|   7|0x00000000fc700000, 0x00000000fc700000, 0x00000000fc800000|  0%| F|  |TAMS 0x00000000fc700000| PB 0x00000000fc700000| Untracked 
|   8|0x00000000fc800000, 0x00000000fc800000, 0x00000000fc900000|  0%| F|  |TAMS 0x00000000fc800000| PB 0x00000000fc800000| Untracked 
|   9|0x00000000fc900000, 0x00000000fc900000, 0x00000000fca00000|  0%| F|  |TAMS 0x00000000fc900000| PB 0x00000000fc900000| Untracked 
|  10|0x00000000fca00000, 0x00000000fca00000, 0x00000000fcb00000|  0%| F|  |TAMS 0x00000000fca00000| PB 0x00000000fca00000| Untracked 
|  11|0x00000000fcb00000, 0x00000000fcb00000, 0x00000000fcc00000|  0%| F|  |TAMS 0x00000000fcb00000| PB 0x00000000fcb00000| Untracked 
|  12|0x00000000fcc00000, 0x00000000fcc00000, 0x00000000fcd00000|  0%| F|  |TAMS 0x00000000fcc00000| PB 0x00000000fcc00000| Untracked 
|  13|0x00000000fcd00000, 0x00000000fcd00000, 0x00000000fce00000|  0%| F|  |TAMS 0x00000000fcd00000| PB 0x00000000fcd00000| Untracked 
|  14|0x00000000fce00000, 0x00000000fce00000, 0x00000000fcf00000|  0%| F|  |TAMS 0x00000000fce00000| PB 0x00000000fce00000| Untracked 
|  15|0x00000000fcf00000, 0x00000000fcf00000, 0x00000000fd000000|  0%| F|  |TAMS 0x00000000fcf00000| PB 0x00000000fcf00000| Untracked 
|  16|0x00000000fd000000, 0x00000000fd000000, 0x00000000fd100000|  0%| F|  |TAMS 0x00000000fd000000| PB 0x00000000fd000000| Untracked 
|  17|0x00000000fd100000, 0x00000000fd100000, 0x00000000fd200000|  0%| F|  |TAMS 0x00000000fd100000| PB 0x00000000fd100000| Untracked 
|  18|0x00000000fd200000, 0x00000000fd200000, 0x00000000fd300000|  0%| F|  |TAMS 0x00000000fd200000| PB 0x00000000fd200000| Untracked 
|  19|0x00000000fd300000, 0x00000000fd300000, 0x00000000fd400000|  0%| F|  |TAMS 0x00000000fd300000| PB 0x00000000fd300000| Untracked 
|  20|0x00000000fd400000, 0x00000000fd400000, 0x00000000fd500000|  0%| F|  |TAMS 0x00000000fd400000| PB 0x00000000fd400000| Untracked 
|  21|0x00000000fd500000, 0x00000000fd500000, 0x00000000fd600000|  0%| F|  |TAMS 0x00000000fd500000| PB 0x00000000fd500000| Untracked 
|  22|0x00000000fd600000, 0x00000000fd600000, 0x00000000fd700000|  0%| F|  |TAMS 0x00000000fd600000| PB 0x00000000fd600000| Untracked 
|  23|0x00000000fd700000, 0x00000000fd700000, 0x00000000fd800000|  0%| F|  |TAMS 0x00000000fd700000| PB 0x00000000fd700000| Untracked 
|  24|0x00000000fd800000, 0x00000000fd800000, 0x00000000fd900000|  0%| F|  |TAMS 0x00000000fd800000| PB 0x00000000fd800000| Untracked 
|  25|0x00000000fd900000, 0x00000000fd900000, 0x00000000fda00000|  0%| F|  |TAMS 0x00000000fd900000| PB 0x00000000fd900000| Untracked 
|  26|0x00000000fda00000, 0x00000000fda00000, 0x00000000fdb00000|  0%| F|  |TAMS 0x00000000fda00000| PB 0x00000000fda00000| Untracked 
|  27|0x00000000fdb00000, 0x00000000fdb00000, 0x00000000fdc00000|  0%| F|  |TAMS 0x00000000fdb00000| PB 0x00000000fdb00000| Untracked 
|  28|0x00000000fdc00000, 0x00000000fdc00000, 0x00000000fdd00000|  0%| F|  |TAMS 0x00000000fdc00000| PB 0x00000000fdc00000| Untracked 
|  29|0x00000000fdd00000, 0x00000000fdd00000, 0x00000000fde00000|  0%| F|  |TAMS 0x00000000fdd00000| PB 0x00000000fdd00000| Untracked 
|  30|0x00000000fde00000, 0x00000000fde00000, 0x00000000fdf00000|  0%| F|  |TAMS 0x00000000fde00000| PB 0x00000000fde00000| Untracked 
|  31|0x00000000fdf00000, 0x00000000fdf00000, 0x00000000fe000000|  0%| F|  |TAMS 0x00000000fdf00000| PB 0x00000000fdf00000| Untracked 
|  32|0x00000000fe000000, 0x00000000fe000000, 0x00000000fe100000|  0%| F|  |TAMS 0x00000000fe000000| PB 0x00000000fe000000| Untracked 
|  33|0x00000000fe100000, 0x00000000fe100000, 0x00000000fe200000|  0%| F|  |TAMS 0x00000000fe100000| PB 0x00000000fe100000| Untracked 
|  34|0x00000000fe200000, 0x00000000fe200000, 0x00000000fe300000|  0%| F|  |TAMS 0x00000000fe200000| PB 0x00000000fe200000| Untracked 
|  35|0x00000000fe300000, 0x00000000fe300000, 0x00000000fe400000|  0%| F|  |TAMS 0x00000000fe300000| PB 0x00000000fe300000| Untracked 
|  36|0x00000000fe400000, 0x00000000fe400000, 0x00000000fe500000|  0%| F|  |TAMS 0x00000000fe400000| PB 0x00000000fe400000| Untracked 
|  37|0x00000000fe500000, 0x00000000fe500000, 0x00000000fe600000|  0%| F|  |TAMS 0x00000000fe500000| PB 0x00000000fe500000| Untracked 
|  38|0x00000000fe600000, 0x00000000fe600000, 0x00000000fe700000|  0%| F|  |TAMS 0x00000000fe600000| PB 0x00000000fe600000| Untracked 
|  39|0x00000000fe700000, 0x00000000fe700000, 0x00000000fe800000|  0%| F|  |TAMS 0x00000000fe700000| PB 0x00000000fe700000| Untracked 
|  40|0x00000000fe800000, 0x00000000fe800000, 0x00000000fe900000|  0%| F|  |TAMS 0x00000000fe800000| PB 0x00000000fe800000| Untracked 
|  41|0x00000000fe900000, 0x00000000fe900000, 0x00000000fea00000|  0%| F|  |TAMS 0x00000000fe900000| PB 0x00000000fe900000| Untracked 
|  42|0x00000000fea00000, 0x00000000fea00000, 0x00000000feb00000|  0%| F|  |TAMS 0x00000000fea00000| PB 0x00000000fea00000| Untracked 
|  43|0x00000000feb00000, 0x00000000feb00000, 0x00000000fec00000|  0%| F|  |TAMS 0x00000000feb00000| PB 0x00000000feb00000| Untracked 
|  44|0x00000000fec00000, 0x00000000fec00000, 0x00000000fed00000|  0%| F|  |TAMS 0x00000000fec00000| PB 0x00000000fec00000| Untracked 
|  45|0x00000000fed00000, 0x00000000fed00000, 0x00000000fee00000|  0%| F|  |TAMS 0x00000000fed00000| PB 0x00000000fed00000| Untracked 
|  46|0x00000000fee00000, 0x00000000fee00000, 0x00000000fef00000|  0%| F|  |TAMS 0x00000000fee00000| PB 0x00000000fee00000| Untracked 
|  47|0x00000000fef00000, 0x00000000fef00000, 0x00000000ff000000|  0%| F|  |TAMS 0x00000000fef00000| PB 0x00000000fef00000| Untracked 
|  48|0x00000000ff000000, 0x00000000ff000000, 0x00000000ff100000|  0%| F|  |TAMS 0x00000000ff000000| PB 0x00000000ff000000| Untracked 
|  49|0x00000000ff100000, 0x00000000ff100000, 0x00000000ff200000|  0%| F|  |TAMS 0x00000000ff100000| PB 0x00000000ff100000| Untracked 
|  50|0x00000000ff200000, 0x00000000ff200000, 0x00000000ff300000|  0%| F|  |TAMS 0x00000000ff200000| PB 0x00000000ff200000| Untracked 
|  51|0x00000000ff300000, 0x00000000ff300000, 0x00000000ff400000|  0%| F|  |TAMS 0x00000000ff300000| PB 0x00000000ff300000| Untracked 
|  52|0x00000000ff400000, 0x00000000ff400000, 0x00000000ff500000|  0%| F|  |TAMS 0x00000000ff400000| PB 0x00000000ff400000| Untracked 
|  53|0x00000000ff500000, 0x00000000ff500000, 0x00000000ff600000|  0%| F|  |TAMS 0x00000000ff500000| PB 0x00000000ff500000| Untracked 
|  54|0x00000000ff600000, 0x00000000ff600000, 0x00000000ff700000|  0%| F|  |TAMS 0x00000000ff600000| PB 0x00000000ff600000| Untracked 
|  55|0x00000000ff700000, 0x00000000ff700000, 0x00000000ff800000|  0%| F|  |TAMS 0x00000000ff700000| PB 0x00000000ff700000| Untracked 
|  56|0x00000000ff800000, 0x00000000ff800000, 0x00000000ff900000|  0%| F|  |TAMS 0x00000000ff800000| PB 0x00000000ff800000| Untracked 
|  57|0x00000000ff900000, 0x00000000ff900000, 0x00000000ffa00000|  0%| F|  |TAMS 0x00000000ff900000| PB 0x00000000ff900000| Untracked 
|  58|0x00000000ffa00000, 0x00000000ffa00000, 0x00000000ffb00000|  0%| F|  |TAMS 0x00000000ffa00000| PB 0x00000000ffa00000| Untracked 
|  59|0x00000000ffb00000, 0x00000000ffb00000, 0x00000000ffc00000|  0%| F|  |TAMS 0x00000000ffb00000| PB 0x00000000ffb00000| Untracked 
|  60|0x00000000ffc00000, 0x00000000ffc78438, 0x00000000ffd00000| 46%| E|  |TAMS 0x00000000ffc00000| PB 0x00000000ffc00000| Complete 
|  61|0x00000000ffd00000, 0x00000000ffe00000, 0x00000000ffe00000|100%| E|CS|TAMS 0x00000000ffd00000| PB 0x00000000ffd00000| Complete 
|  62|0x00000000ffe00000, 0x00000000fff00000, 0x00000000fff00000|100%| E|CS|TAMS 0x00000000ffe00000| PB 0x00000000ffe00000| Complete 
|  63|0x00000000fff00000, 0x0000000100000000, 0x0000000100000000|100%| E|CS|TAMS 0x00000000fff00000| PB 0x00000000fff00000| Complete 

Card table byte_map: [0x0000022c8e0e0000,0x0000022c8e100000] _byte_map_base: 0x0000022c8d900000

Marking Bits: (CMBitMap*) 0x0000022c901060f0
 Bits: [0x0000022ca7870000, 0x0000022ca7970000)

Polling page: 0x0000022c8e090000

Metaspace:

Usage:
  Non-class:      1.09 MB used.
      Class:    122.45 KB used.
       Both:      1.21 MB used.

Virtual space:
  Non-class space:       64.00 MB reserved,       1.19 MB (  2%) committed,  1 nodes.
      Class space:        1.00 GB reserved,     192.00 KB ( <1%) committed,  1 nodes.
             Both:        1.06 GB reserved,       1.38 MB ( <1%) committed. 

Chunk freelists:
   Non-Class:  11.84 MB
       Class:  15.70 MB
        Both:  27.55 MB

MaxMetaspaceSize: unlimited
CompressedClassSpaceSize: 1.00 GB
Initial GC threshold: 21.00 MB
Current GC threshold: 21.00 MB
CDS: on
 - commit_granule_bytes: 65536.
 - commit_granule_words: 8192.
 - virtual_space_node_default_size: 8388608.
 - enlarge_chunks_in_place: 1.
 - use_allocation_guard: 0.


Internal statistics:

num_allocs_failed_limit: 0.
num_arena_births: 22.
num_arena_deaths: 0.
num_vsnodes_births: 2.
num_vsnodes_deaths: 0.
num_space_committed: 22.
num_space_uncommitted: 0.
num_chunks_returned_to_freelist: 0.
num_chunks_taken_from_freelist: 42.
num_chunk_merges: 0.
num_chunk_splits: 21.
num_chunks_enlarged: 16.
num_inconsistent_stats: 0.

CodeHeap 'non-profiled nmethods': size=120000Kb used=76Kb max_used=76Kb free=119923Kb
 bounds [0x0000022ca0010000, 0x0000022ca0280000, 0x0000022ca7540000]
CodeHeap 'profiled nmethods': size=120000Kb used=421Kb max_used=421Kb free=119578Kb
 bounds [0x0000022c98540000, 0x0000022c987b0000, 0x0000022c9fa70000]
CodeHeap 'non-nmethods': size=5760Kb used=1426Kb max_used=1440Kb free=4333Kb
 bounds [0x0000022c9fa70000, 0x0000022c9fce0000, 0x0000022ca0010000]
 total_blobs=703 nmethods=283 adapters=325
 compilation: enabled
              stopped_count=0, restarted_count=0
 full_count=0

Compilation events (20 events):
Event: 0.202 Thread 0x0000022caa34fb10 nmethod 267 0x0000022ca0021b10 code [0x0000022ca0021ca0, 0x0000022ca0021d70]
Event: 0.202 Thread 0x0000022caa34fb10  268       1       java.util.jar.Attributes$Name::hashCode (5 bytes)
Event: 0.202 Thread 0x0000022caa34fb10 nmethod 268 0x0000022ca0021e10 code [0x0000022ca0021fa0, 0x0000022ca0022068]
Event: 0.202 Thread 0x0000022caa34fb10  269       3       java.lang.Number::<init> (5 bytes)
Event: 0.202 Thread 0x0000022caa34fb10 nmethod 269 0x0000022c985a3a90 code [0x0000022c985a3c40, 0x0000022c985a3da8]
Event: 0.202 Thread 0x0000022caa34fb10  271       3       java.lang.invoke.MethodType::<init> (15 bytes)
Event: 0.203 Thread 0x0000022caa34fb10 nmethod 271 0x0000022c985a3e90 code [0x0000022c985a4040, 0x0000022c985a4268]
Event: 0.203 Thread 0x0000022caa34fb10  272       3       java.lang.invoke.MethodType::makeImpl (109 bytes)
Event: 0.203 Thread 0x0000022caa34c940 nmethod 264% 0x0000022ca0022410 code [0x0000022ca00225a0, 0x0000022ca00227b0]
Event: 0.204 Thread 0x0000022caa34fb10 nmethod 272 0x0000022c985a4310 code [0x0000022c985a45c0, 0x0000022c985a53f0]
Event: 0.204 Thread 0x0000022caa34fb10  273       3       java.lang.invoke.MethodType::parameterCount (6 bytes)
Event: 0.204 Thread 0x0000022caa34fb10 nmethod 273 0x0000022c985a5810 code [0x0000022c985a59a0, 0x0000022c985a5ab8]
Event: 0.204 Thread 0x0000022caa34fb10  275       3       jdk.internal.misc.Unsafe::toUnsignedLong (7 bytes)
Event: 0.204 Thread 0x0000022caa34fb10 nmethod 275 0x0000022c985a5b90 code [0x0000022c985a5d20, 0x0000022c985a5e20]
Event: 0.204 Thread 0x0000022caa34fb10  274       1       java.util.ArrayList::size (5 bytes)
Event: 0.204 Thread 0x0000022caa34fb10 nmethod 274 0x0000022ca0022910 code [0x0000022ca0022aa0, 0x0000022ca0022b68]
Event: 0.206 Thread 0x0000022caa34fb10  277       3       java.lang.StringLatin1::toLowerCase (186 bytes)
Event: 0.207 Thread 0x0000022caa34fb10 nmethod 277 0x0000022c985a5e90 code [0x0000022c985a6120, 0x0000022c985a6c80]
Event: 0.207 Thread 0x0000022caa34fb10  282       3       java.lang.StringLatin1::indexOf (37 bytes)
Event: 0.207 Thread 0x0000022caa34c940  283       4       jdk.internal.misc.Unsafe::toUnsignedLong (7 bytes)

GC Heap History (0 events):
No events

Dll operation events (6 events):
Event: 0.009 Loaded shared library C:\Program Files\Java\jdk-21\bin\java.dll
Event: 0.045 Loaded shared library C:\Program Files\Java\jdk-21\bin\jsvml.dll
Event: 0.069 Loaded shared library C:\Program Files\Java\jdk-21\bin\net.dll
Event: 0.071 Loaded shared library C:\Program Files\Java\jdk-21\bin\nio.dll
Event: 0.075 Loaded shared library C:\Program Files\Java\jdk-21\bin\zip.dll
Event: 0.079 Loaded shared library C:\Program Files\Java\jdk-21\bin\verify.dll

Deoptimization events (2 events):
Event: 0.207 Thread 0x0000022c8df30a90 DEOPT PACKING pc=0x0000022c98558499 sp=0x0000007a624fa130
Event: 0.207 Thread 0x0000022c8df30a90 DEOPT UNPACKING pc=0x0000022c9fac88e2 sp=0x0000007a624f9550 mode 0

Classes loaded (20 events):
Event: 0.177 Loading class jdk/internal/misc/ThreadTracker$ThreadRef
Event: 0.177 Loading class jdk/internal/misc/ThreadTracker$ThreadRef done
Event: 0.178 Loading class sun/security/util/ManifestEntryVerifier
Event: 0.178 Loading class sun/security/util/ManifestEntryVerifier done
Event: 0.178 Loading class sun/net/www/protocol/file/FileURLConnection
Event: 0.178 Loading class sun/net/www/URLConnection
Event: 0.178 Loading class java/net/URLConnection
Event: 0.179 Loading class java/net/URLConnection done
Event: 0.179 Loading class sun/net/www/URLConnection done
Event: 0.179 Loading class sun/net/www/protocol/file/FileURLConnection done
Event: 0.179 Loading class sun/net/www/MessageHeader
Event: 0.179 Loading class sun/net/www/MessageHeader done
Event: 0.179 Loading class java/io/FilePermission$1
Event: 0.179 Loading class jdk/internal/access/JavaIOFilePermissionAccess
Event: 0.179 Loading class jdk/internal/access/JavaIOFilePermissionAccess done
Event: 0.179 Loading class java/io/FilePermission$1 done
Event: 0.179 Loading class java/io/FilePermissionCollection
Event: 0.179 Loading class java/io/FilePermissionCollection done
Event: 0.179 Loading class java/util/Vector
Event: 0.180 Loading class java/util/Vector done

Classes unloaded (0 events):
No events

Classes redefined (0 events):
No events

Internal exceptions (3 events):
Event: 0.181 Thread 0x0000022c8df30a90 Exception <a 'java/lang/NoSuchMethodError'{0x00000000ffc0ae98}: 'void java.lang.invoke.DirectMethodHandle$Holder.invokeStatic(java.lang.Object, java.lang.Object)'> (0x00000000ffc0ae98) 
thrown [s\open\src\hotspot\share\interpreter\linkResolver.cpp, line 773]
Event: 0.182 Thread 0x0000022c8df30a90 Exception <a 'java/lang/NoSuchMethodError'{0x00000000ffc0ea18}: 'void java.lang.invoke.DirectMethodHandle$Holder.invokeSpecial(java.lang.Object, java.lang.Object, java.lang.Object)'> (0x00000000ffc0ea18) 
thrown [s\open\src\hotspot\share\interpreter\linkResolver.cpp, line 773]
Event: 0.202 Thread 0x0000022c8df30a90 Exception <a 'java/lang/NoSuchMethodError'{0x00000000ffc61488}: 'int java.lang.invoke.DirectMethodHandle$Holder.invokeStaticInit(java.lang.Object, java.lang.Object)'> (0x00000000ffc61488) 
thrown [s\open\src\hotspot\share\interpreter\linkResolver.cpp, line 773]

ZGC Phase Switch (0 events):
No events

VM Operations (2 events):
Event: 0.076 Executing VM operation: HandshakeAllThreads (Deoptimize)
Event: 0.076 Executing VM operation: HandshakeAllThreads (Deoptimize) done

Events (11 events):
Event: 0.024 Thread 0x0000022c8df30a90 Thread added: 0x0000022c8df30a90
Event: 0.041 Thread 0x0000022caa334bf0 Thread added: 0x0000022caa334bf0
Event: 0.041 Thread 0x0000022c901ad2d0 Thread added: 0x0000022c901ad2d0
Event: 0.041 Thread 0x0000022caa339530 Thread added: 0x0000022caa339530
Event: 0.041 Thread 0x0000022caa33bc00 Thread added: 0x0000022caa33bc00
Event: 0.042 Thread 0x0000022caa33c750 Thread added: 0x0000022caa33c750
Event: 0.042 Thread 0x0000022caa33d2a0 Thread added: 0x0000022caa33d2a0
Event: 0.042 Thread 0x0000022caa34c940 Thread added: 0x0000022caa34c940
Event: 0.042 Thread 0x0000022caa34fb10 Thread added: 0x0000022caa34fb10
Event: 0.063 Thread 0x0000022caa602710 Thread added: 0x0000022caa602710
Event: 0.065 Thread 0x0000022caa605770 Thread added: 0x0000022caa605770


Dynamic libraries:
0x00007ff6ff8e0000 - 0x00007ff6ff8f0000 	C:\Program Files\Java\jdk-21\bin\java.exe
0x00007ffa9f810000 - 0x00007ffa9fa27000 	C:\WINDOWS\SYSTEM32\ntdll.dll
0x00007ffa9e720000 - 0x00007ffa9e7e4000 	C:\WINDOWS\System32\KERNEL32.DLL
0x00007ffa9cc70000 - 0x00007ffa9d027000 	C:\WINDOWS\System32\KERNELBASE.dll
0x00007ffa9d0d0000 - 0x00007ffa9d1e1000 	C:\WINDOWS\System32\ucrtbase.dll
0x00007ffa88bc0000 - 0x00007ffa88bdb000 	C:\Program Files\Java\jdk-21\bin\VCRUNTIME140.dll
0x00007ffa88ba0000 - 0x00007ffa88bb9000 	C:\Program Files\Java\jdk-21\bin\jli.dll
0x00007ffa9da60000 - 0x00007ffa9db12000 	C:\WINDOWS\System32\ADVAPI32.dll
0x00007ffa9d540000 - 0x00007ffa9d5e7000 	C:\WINDOWS\System32\msvcrt.dll
0x00007ffa9ebf0000 - 0x00007ffa9ec98000 	C:\WINDOWS\System32\sechost.dll
0x00007ffa9d3d0000 - 0x00007ffa9d3f8000 	C:\WINDOWS\System32\bcrypt.dll
0x00007ffa9e600000 - 0x00007ffa9e714000 	C:\WINDOWS\System32\RPCRT4.dll
0x00007ffa9d870000 - 0x00007ffa9da1f000 	C:\WINDOWS\System32\USER32.dll
0x00007ffa9cc40000 - 0x00007ffa9cc66000 	C:\WINDOWS\System32\win32u.dll
0x00007ffa9d5f0000 - 0x00007ffa9d619000 	C:\WINDOWS\System32\GDI32.dll
0x00007ffa9cb20000 - 0x00007ffa9cc38000 	C:\WINDOWS\System32\gdi32full.dll
0x00007ffa878f0000 - 0x00007ffa87b83000 	C:\WINDOWS\WinSxS\amd64_microsoft.windows.common-controls_6595b64144ccf1df_6.0.22621.3672_none_2713b9d173822955\COMCTL32.dll
0x00007ffa9d030000 - 0x00007ffa9d0ca000 	C:\WINDOWS\System32\msvcp_win.dll
0x00007ffa98840000 - 0x00007ffa9884a000 	C:\WINDOWS\SYSTEM32\VERSION.dll
0x00007ffa9da20000 - 0x00007ffa9da51000 	C:\WINDOWS\System32\IMM32.DLL
0x00007ffa88b90000 - 0x00007ffa88b9c000 	C:\Program Files\Java\jdk-21\bin\vcruntime140_1.dll
0x00007ffa71ee0000 - 0x00007ffa71f6e000 	C:\Program Files\Java\jdk-21\bin\msvcp140.dll
0x00007ff9e4350000 - 0x00007ff9e5065000 	C:\Program Files\Java\jdk-21\bin\server\jvm.dll
0x00007ffa9d640000 - 0x00007ffa9d6b1000 	C:\WINDOWS\System32\WS2_32.dll
0x00007ffa9c2b0000 - 0x00007ffa9c2fd000 	C:\WINDOWS\SYSTEM32\POWRPROF.dll
0x00007ffa96650000 - 0x00007ffa96684000 	C:\WINDOWS\SYSTEM32\WINMM.dll
0x00007ffa9c290000 - 0x00007ffa9c2a3000 	C:\WINDOWS\SYSTEM32\UMPDC.dll
0x00007ffa9bb30000 - 0x00007ffa9bb48000 	C:\WINDOWS\SYSTEM32\kernel.appcore.dll
0x00007ffa88b80000 - 0x00007ffa88b8a000 	C:\Program Files\Java\jdk-21\bin\jimage.dll
0x00007ffa9a360000 - 0x00007ffa9a592000 	C:\WINDOWS\SYSTEM32\DBGHELP.DLL
0x00007ffa9db20000 - 0x00007ffa9deae000 	C:\WINDOWS\System32\combase.dll
0x00007ffa9f610000 - 0x00007ffa9f6e7000 	C:\WINDOWS\System32\OLEAUT32.dll
0x00007ffa80270000 - 0x00007ffa802a2000 	C:\WINDOWS\SYSTEM32\dbgcore.DLL
0x00007ffa9d400000 - 0x00007ffa9d47b000 	C:\WINDOWS\System32\bcryptPrimitives.dll
0x00007ffa88b60000 - 0x00007ffa88b7f000 	C:\Program Files\Java\jdk-21\bin\java.dll
0x00007ffa9eda0000 - 0x00007ffa9f609000 	C:\WINDOWS\System32\SHELL32.dll
0x00007ffa9aa40000 - 0x00007ffa9b33f000 	C:\WINDOWS\SYSTEM32\windows.storage.dll
0x00007ffa9a900000 - 0x00007ffa9aa3f000 	C:\WINDOWS\SYSTEM32\wintypes.dll
0x00007ffa9d750000 - 0x00007ffa9d849000 	C:\WINDOWS\System32\SHCORE.dll
0x00007ffa9e3e0000 - 0x00007ffa9e43e000 	C:\WINDOWS\System32\shlwapi.dll
0x00007ffa9ca50000 - 0x00007ffa9ca77000 	C:\WINDOWS\SYSTEM32\profapi.dll
0x00007ffa652d0000 - 0x00007ffa653a7000 	C:\Program Files\Java\jdk-21\bin\jsvml.dll
0x00007ffa88b50000 - 0x00007ffa88b60000 	C:\Program Files\Java\jdk-21\bin\net.dll
0x00007ffa985b0000 - 0x00007ffa986e6000 	C:\WINDOWS\SYSTEM32\WINHTTP.dll
0x00007ffa9bf90000 - 0x00007ffa9bff9000 	C:\WINDOWS\system32\mswsock.dll
0x00007ffa88b30000 - 0x00007ffa88b46000 	C:\Program Files\Java\jdk-21\bin\nio.dll
0x00007ffa88b10000 - 0x00007ffa88b28000 	C:\Program Files\Java\jdk-21\bin\zip.dll
0x00007ffa88ae0000 - 0x00007ffa88af0000 	C:\Program Files\Java\jdk-21\bin\verify.dll

dbghelp: loaded successfully - version: 4.0.5 - missing functions: none
symbol engine: initialized successfully - sym options: 0x614 - pdb path: .;C:\Program Files\Java\jdk-21\bin;C:\WINDOWS\SYSTEM32;C:\WINDOWS\WinSxS\amd64_microsoft.windows.common-controls_6595b64144ccf1df_6.0.22621.3672_none_2713b9d173822955;C:\Program Files\Java\jdk-21\bin\server

VM Arguments:
jvm_args: -Xmx64m -Xms64m -Dorg.gradle.appname=gradlew 
java_command: org.gradle.wrapper.GradleWrapperMain clean build --debug
java_class_path (initial): C:\\Users\\User\\Doctor-Clinic-Review-App1\\\\gradle\\wrapper\\gradle-wrapper.jar
Launcher Type: SUN_STANDARD

[Global flags]
     intx CICompilerCount                          = 4                                         {product} {ergonomic}
     uint ConcGCThreads                            = 2                                         {product} {ergonomic}
     uint G1ConcRefinementThreads                  = 8                                         {product} {ergonomic}
   size_t G1HeapRegionSize                         = 1048576                                   {product} {ergonomic}
    uintx GCDrainStackTargetSize                   = 64                                        {product} {ergonomic}
   size_t InitialHeapSize                          = 67108864                                  {product} {command line}
   size_t MarkStackSize                            = 4194304                                   {product} {ergonomic}
   size_t MaxHeapSize                              = 67108864                                  {product} {command line}
   size_t MaxNewSize                               = 39845888                                  {product} {ergonomic}
   size_t MinHeapDeltaBytes                        = 1048576                                   {product} {ergonomic}
   size_t MinHeapSize                              = 67108864                                  {product} {command line}
    uintx NonNMethodCodeHeapSize                   = 5839372                                {pd product} {ergonomic}
    uintx NonProfiledCodeHeapSize                  = 122909434                              {pd product} {ergonomic}
    uintx ProfiledCodeHeapSize                     = 122909434                              {pd product} {ergonomic}
    uintx ReservedCodeCacheSize                    = 251658240                              {pd product} {ergonomic}
     bool SegmentedCodeCache                       = true                                      {product} {ergonomic}
   size_t SoftMaxHeapSize                          = 67108864                               {manageable} {ergonomic}
     bool UseCompressedOops                        = true                           {product lp64_product} {ergonomic}
     bool UseG1GC                                  = true                                      {product} {ergonomic}
     bool UseLargePagesIndividualAllocation        = false                                  {pd product} {ergonomic}

Logging:
Log output configuration:
 #0: stdout all=warning uptime,level,tags foldmultilines=false
 #1: stderr all=off uptime,level,tags foldmultilines=false

Environment Variables:
CLASSPATH=C:\Users\User\Doctor-Clinic-Review-App1\\gradle\wrapper\gradle-wrapper.jar
PATH=C:\Program Files\Common Files\Oracle\Java\javapath;C:\Windows\system32;C:\Windows;C:\Windows\System32\Wbem;C:\Windows\System32\WindowsPowerShell\v1.0\;C:\Windows\System32\OpenSSH\;C:\Program Files\Microsoft SQL Server\150\Tools\Binn\;C:\Program Files\Microsoft SQL Server\Client SDK\ODBC\170\Tools\Binn\;C:\Program Files\dotnet\;C:\WINDOWS\system32;C:\WINDOWS;C:\WINDOWS\System32\Wbem;C:\WINDOWS\System32\WindowsPowerShell\v1.0\;C:\WINDOWS\System32\OpenSSH\;C:\Users\User\AppData\Roaming\Microsoft\Windows\Start Menu\Programs\Python 3.7;C:\MinGW\bin;C:\Program Files (x86)\Microsoft SQL Server\160\Tools\Binn\;C:\Program Files\Microsoft SQL Server\160\Tools\Binn\;C:\Program Files\Microsoft SQL Server\160\DTS\Binn\;C:\Program Files\Common Files\Autodesk Shared\;C:\Program Files\Git\cmd;C:\Program Files\Docker\Docker\resources\bin;C:\Program Files\MATLAB\R2024b\bin;C:\Program Files (x86)\Windows Kits\10\Windows Performance Toolkit\;C:\Program Files\PuTTY\;C:\Users\User\AppData\Local\Programs\Python\Python312\Scripts\;C:\Users\User\AppData\Local\Programs\Python\Python312\;C:\Users\User\AppData\Roaming\Microsoft\Windows\Start Menu\Programs\Python 3.7;C:\Users\User\AppData\Local\Programs\Microsoft VS Code\bin;C:\Program Files\JetBrains\IntelliJ IDEA 2023.3.2\bin;;C:\Users\User\AppData\Local\GitHubDesktop\bin
USERNAME=User
OS=Windows_NT
PROCESSOR_IDENTIFIER=Intel64 Family 6 Model 126 Stepping 5, GenuineIntel
TMP=C:\Users\User\AppData\Local\Temp
TEMP=C:\Users\User\AppData\Local\Temp




Periodic native trim disabled

---------------  S Y S T E M  ---------------

OS:
 Windows 11 , 64 bit Build 22621 (10.0.22621.3958)
OS uptime: 0 days 1:34 hours
Hyper-V role detected

CPU: total 8 (initial active 8) (4 cores per cpu, 2 threads per core) family 6 model 126 stepping 5 microcode 0xa0, cx8, cmov, fxsr, ht, mmx, 3dnowpref, sse, sse2, sse3, ssse3, sse4.1, sse4.2, popcnt, lzcnt, tsc, tscinvbit, avx, avx2, aes, erms, clmul, bmi1, bmi2, adx, avx512f, avx512dq, avx512cd, avx512bw, avx512vl, sha, fma, vzeroupper, avx512_vpopcntdq, avx512_vpclmulqdq, avx512_vaes, avx512_vnni, clflush, clflushopt, avx512_vbmi2, avx512_vbmi, hv, rdtscp, rdpid, fsrm, gfni, avx512_bitalg, f16c, avx512_ifma
Processor Information for processor 0
  Max Mhz: 1498, Current Mhz: 1298, Mhz Limit: 1288
Processor Information for processor 1
  Max Mhz: 1498, Current Mhz: 1298, Mhz Limit: 1288
Processor Information for processor 2
  Max Mhz: 1498, Current Mhz: 1298, Mhz Limit: 1288
Processor Information for processor 3
  Max Mhz: 1498, Current Mhz: 1298, Mhz Limit: 1288
Processor Information for processor 4
  Max Mhz: 1498, Current Mhz: 998, Mhz Limit: 1288
Processor Information for processor 5
  Max Mhz: 1498, Current Mhz: 1298, Mhz Limit: 1288
Processor Information for processor 6
  Max Mhz: 1498, Current Mhz: 998, Mhz Limit: 1288
Processor Information for processor 7
  Max Mhz: 1498, Current Mhz: 1298, Mhz Limit: 1288

Memory: 4k page, system-wide physical 20218M (5354M free)
TotalPageFile size 24570M (AvailPageFile size 5937M)
current process WorkingSet (physical memory assigned to process): 40M, peak: 40M
current process commit charge ("private bytes"): 144M, peak: 144M

vm_info: Java HotSpot(TM) 64-Bit Server VM (21.0.1+12-LTS-29) for windows-amd64 JRE (21.0.1+12-LTS-29), built on 2023-10-05T13:27:09Z by "mach5one" with MS VC++ 17.1 (VS2022)

END.
